Log file open, 06/02/23 09:37:04
LogWindows: Failed to load 'aqProf.dll' (GetLastError=126)
LogWindows: File 'aqProf.dll' does not exist
LogWindows: Failed to load 'VtuneApi.dll' (GetLastError=126)
LogWindows: File 'VtuneApi.dll' does not exist
LogWindows: Failed to load 'VtuneApi32e.dll' (GetLastError=126)
LogWindows: File 'VtuneApi32e.dll' does not exist
LogConsoleResponse: Display: Failed to find resolution value strings in scalability ini. Falling back to default.
LogConsoleResponse: Display: Failed to find resolution value strings in scalability ini. Falling back to default.
LogInit: Display: Running engine for game: Vrij2_BlockOut
LogPlatformFile: Not using cached read wrapper
LogTaskGraph: Started task graph with 5 named threads and 47 total threads with 3 sets of task threads.
LogStats: Stats thread started at 0.298318
LogICUInternationalization: ICU TimeZone Detection - Raw Offset: +1:00, Platform Override: ''
LogInit: Display: Loading text-based GConfig....
LogPluginManager: Mounting plugin MeshPainting
LogPluginManager: Mounting plugin XGEController
LogPluginManager: Mounting plugin Paper2D
LogPluginManager: Mounting plugin LightPropagationVolume
LogPluginManager: Mounting plugin EnvironmentQueryEditor
LogPluginManager: Mounting plugin AISupport
LogPluginManager: Mounting plugin OodleData
LogPluginManager: Mounting plugin OodleNetwork
LogPluginManager: Mounting plugin DatasmithContent
LogPluginManager: Mounting plugin VariantManagerContent
LogPluginManager: Mounting plugin AnimationSharing
LogPluginManager: Mounting plugin GitSourceControl
LogPluginManager: Mounting plugin CodeLiteSourceCodeAccess
LogPluginManager: Mounting plugin NullSourceCodeAccess
LogPluginManager: Mounting plugin CLionSourceCodeAccess
LogPluginManager: Mounting plugin KDevelopSourceCodeAccess
LogPluginManager: Mounting plugin PerforceSourceControl
LogPluginManager: Mounting plugin PixWinPlugin
LogPluginManager: Mounting plugin PlasticSourceControl
LogPluginManager: Mounting plugin RiderSourceCodeAccess
LogPluginManager: Mounting plugin PluginUtils
LogPluginManager: Mounting plugin SubversionSourceControl
LogPluginManager: Mounting plugin VisualStudioCodeSourceCodeAccess
LogPluginManager: Mounting plugin VisualStudioSourceCodeAccess
LogPluginManager: Mounting plugin PropertyAccessNode
LogPluginManager: Mounting plugin UObjectPlugin
LogPluginManager: Mounting plugin XCodeSourceCodeAccess
LogPluginManager: Mounting plugin AssetManagerEditor
LogPluginManager: Mounting plugin CryptoKeys
LogPluginManager: Mounting plugin CurveEditorTools
LogPluginManager: Mounting plugin AlembicImporter
LogPluginManager: Mounting plugin AutomationUtils
LogPluginManager: Mounting plugin BackChannel
LogPluginManager: Mounting plugin FacialAnimation
LogPluginManager: Mounting plugin GeometryMode
LogPluginManager: Mounting plugin ChaosClothEditor
LogPluginManager: Mounting plugin MacGraphicsSwitching
LogPluginManager: Mounting plugin ChaosCloth
LogPluginManager: Mounting plugin GameplayTagsEditor
LogPluginManager: Mounting plugin ChaosEditor
LogPluginManager: Mounting plugin ChaosNiagara
LogPluginManager: Mounting plugin MobileLauncherProfileWizard
LogPluginManager: Mounting plugin ChaosSolverPlugin
LogPluginManager: Mounting plugin PluginBrowser
LogPluginManager: Mounting plugin SpeedTreeImporter
LogPluginManager: Mounting plugin CharacterAI
LogPluginManager: Mounting plugin TextureFormatOodle
LogPluginManager: Mounting plugin Niagara
LogPluginManager: Mounting plugin AvfMedia
LogPluginManager: Mounting plugin ImgMedia
LogPluginManager: Mounting plugin MediaCompositing
LogPluginManager: Mounting plugin LuminPlatformFeatures
LogPluginManager: Mounting plugin AndroidMedia
LogPluginManager: Mounting plugin MediaPlayerEditor
LogPluginManager: Mounting plugin MagicLeapLightEstimation
LogPluginManager: Mounting plugin MagicLeap
LogPluginManager: Mounting plugin MagicLeapMedia
LogPluginManager: Mounting plugin DataValidation
LogPluginManager: Mounting plugin WebMMedia
LogPluginManager: Mounting plugin MagicLeapPassableWorld
LogPluginManager: Mounting plugin MLSDK
LogPluginManager: Mounting plugin GeometryCache
LogPluginManager: Mounting plugin GeometryCollectionPlugin
LogPluginManager: Mounting plugin MaterialAnalyzer
LogPluginManager: Mounting plugin GeometryProcessing
LogPluginManager: Mounting plugin MotoSynth
LogPluginManager: Mounting plugin OpenImageDenoise
LogPluginManager: Mounting plugin PlanarCut
LogPluginManager: Mounting plugin ProxyLODPlugin
LogPluginManager: Mounting plugin PlatformCrypto
LogPluginManager: Mounting plugin PythonScriptPlugin
LogPluginManager: Mounting plugin TcpMessaging
LogPluginManager: Mounting plugin UdpMessaging
LogPluginManager: Mounting plugin WmfMedia
LogPluginManager: Mounting plugin SkeletalReduction
LogPluginManager: Mounting plugin ActorSequence
LogPluginManager: Mounting plugin MatineeToLevelSequence
LogPluginManager: Mounting plugin LevelSequenceEditor
LogPluginManager: Mounting plugin TemplateSequence
LogPluginManager: Mounting plugin LauncherChunkInstaller
LogPluginManager: Mounting plugin AndroidDeviceProfileSelector
LogPluginManager: Mounting plugin AndroidMoviePlayer
LogPluginManager: Mounting plugin AndroidPermission
LogPluginManager: Mounting plugin AppleImageUtils
LogPluginManager: Mounting plugin AppleMoviePlayer
LogPluginManager: Mounting plugin ArchVisCharacter
LogPluginManager: Mounting plugin ScreenshotTools
LogPluginManager: Mounting plugin AssetTags
LogPluginManager: Mounting plugin AudioCapture
LogPluginManager: Mounting plugin AudioSynesthesia
LogPluginManager: Mounting plugin CableComponent
LogPluginManager: Mounting plugin ChunkDownloader
LogPluginManager: Mounting plugin CustomMeshComponent
LogPluginManager: Mounting plugin EditableMesh
LogPluginManager: Mounting plugin ExampleDeviceProfileSelector
LogPluginManager: Mounting plugin ActorLayerUtilities
LogPluginManager: Mounting plugin OnlineSubsystemNull
LogPluginManager: Mounting plugin OnlineSubsystemUtils
LogPluginManager: Mounting plugin GoogleCloudMessaging
LogPluginManager: Mounting plugin GooglePAD
LogPluginManager: Mounting plugin IOSDeviceProfileSelector
LogPluginManager: Mounting plugin LocationServicesBPLibrary
LogPluginManager: Mounting plugin LinuxDeviceProfileSelector
LogPluginManager: Mounting plugin MobilePatchingUtils
LogPluginManager: Mounting plugin OpenXR
LogPluginManager: Mounting plugin OpenXREyeTracker
LogPluginManager: Mounting plugin OpenXRHandTracking
LogPluginManager: Mounting plugin PhysXVehicles
LogPluginManager: Mounting plugin PostSplashScreen
LogPluginManager: Mounting plugin ProceduralMeshComponent
LogPluginManager: Mounting plugin PropertyAccessEditor
LogPluginManager: Mounting plugin RuntimePhysXCooking
LogPluginManager: Mounting plugin SignificanceManager
LogPluginManager: Mounting plugin SoundFields
LogPluginManager: Mounting plugin Synthesis
LogPluginManager: Mounting plugin WebMMoviePlayer
LogPluginManager: Mounting plugin WindowsMoviePlayer
LogPluginManager: Mounting plugin OnlineSubsystem
LogPluginManager: Mounting plugin Takes
LogPluginManager: Mounting plugin LiveLink
LogPluginManager: Mounting plugin GameplayCameras
LogPluginManager: Mounting plugin CameraShakePreviewer
LogPluginManager: Mounting plugin ContentBrowserClassDataSource
LogPluginManager: Mounting plugin ContentBrowserFileDataSource
LogPluginManager: Mounting plugin ContentBrowserAssetDataSource
LogPluginManager: Mounting plugin OnlineSubsystemGooglePlay
LogPluginManager: Mounting plugin OnlineSubsystemIOS
LogPluginManager: Mounting plugin OculusVR
LogPluginManager: Mounting plugin SteamVR
PixWinPlugin: PIX capture plugin failed to initialize! Check that the process is launched from PIX.
LogInit: Using libcurl 7.55.1-DEV
LogInit:  - built for x86_64-pc-win32
LogInit:  - supports SSL with OpenSSL/1.1.1
LogInit:  - supports HTTP deflate (compression) using libz 1.2.8
LogInit:  - other features:
LogInit:      CURL_VERSION_SSL
LogInit:      CURL_VERSION_LIBZ
LogInit:      CURL_VERSION_IPV6
LogInit:      CURL_VERSION_ASYNCHDNS
LogInit:      CURL_VERSION_LARGEFILE
LogInit:      CURL_VERSION_IDN
LogInit:  CurlRequestOptions (configurable via config and command line):
LogInit:  - bVerifyPeer = true  - Libcurl will verify peer certificate
LogInit:  - bUseHttpProxy = false  - Libcurl will NOT use HTTP proxy
LogInit:  - bDontReuseConnections = false  - Libcurl will reuse connections
LogInit:  - MaxHostConnections = 16  - Libcurl will limit the number of connections to a host
LogInit:  - LocalHostAddr = Default
LogInit:  - BufferSize = 65536
LogOnline: OSS: Creating online subsystem instance for: NULL
LogInit: WinSock: version 1.1 (2.2), MaxSocks=32767, MaxUdp=65467
LogOnline: OSS: TryLoadSubsystemAndSetDefault: Loaded subsystem for module [NULL]
LogOculusPluginWrapper: OculusPlugin initialized successfully
LogHMD: Failed initializing OVRPlugin 1.59.0
LogInit: Build: ++UE4+Release-4.27-CL-18319896
LogInit: Engine Version: 4.27.2-18319896+++UE4+Release-4.27
LogInit: Compatible Engine Version: 4.27.0-17155196+++UE4+Release-4.27
LogInit: Net CL: 17155196
LogInit: OS: Windows 10 (Release 2009) (), CPU: AMD Ryzen 7 5800H with Radeon Graphics         , GPU: AMD Radeon(TM) Graphics
LogInit: Compiled (64-bit): Nov 30 2021 07:12:08
LogInit: Compiled with Visual C++: 19.24.28315.00
LogInit: Build Configuration: Development
LogInit: Branch Name: ++UE4+Release-4.27
LogInit: Command Line: 
LogInit: Base Directory: C:/Program Files/Epic Games/unreal engine/UE_4.27/Engine/Binaries/Win64/
LogInit: Allocator: TBB
LogInit: Installed Engine Build: 1
LogDevObjectVersion: Number of dev versions registered: 29
LogDevObjectVersion:   Dev-Blueprints (B0D832E4-1F89-4F0D-ACCF-7EB736FD4AA2): 10
LogDevObjectVersion:   Dev-Build (E1C64328-A22C-4D53-A36C-8E866417BD8C): 0
LogDevObjectVersion:   Dev-Core (375EC13C-06E4-48FB-B500-84F0262A717E): 4
LogDevObjectVersion:   Dev-Editor (E4B068ED-F494-42E9-A231-DA0B2E46BB41): 40
LogDevObjectVersion:   Dev-Framework (CFFC743F-43B0-4480-9391-14DF171D2073): 37
LogDevObjectVersion:   Dev-Mobile (B02B49B5-BB20-44E9-A304-32B752E40360): 3
LogDevObjectVersion:   Dev-Networking (A4E4105C-59A1-49B5-A7C5-40C4547EDFEE): 0
LogDevObjectVersion:   Dev-Online (39C831C9-5AE6-47DC-9A44-9C173E1C8E7C): 0
LogDevObjectVersion:   Dev-Physics (78F01B33-EBEA-4F98-B9B4-84EACCB95AA2): 14
LogDevObjectVersion:   Dev-Platform (6631380F-2D4D-43E0-8009-CF276956A95A): 0
LogDevObjectVersion:   Dev-Rendering (12F88B9F-8875-4AFC-A67C-D90C383ABD29): 45
LogDevObjectVersion:   Dev-Sequencer (7B5AE74C-D270-4C10-A958-57980B212A5A): 13
LogDevObjectVersion:   Dev-VR (D7296918-1DD6-4BDD-9DE2-64A83CC13884): 3
LogDevObjectVersion:   Dev-LoadTimes (C2A15278-BFE7-4AFE-6C17-90FF531DF755): 1
LogDevObjectVersion:   Private-Geometry (6EACA3D4-40EC-4CC1-B786-8BED09428FC5): 3
LogDevObjectVersion:   Dev-AnimPhys (29E575DD-E0A3-4627-9D10-D276232CDCEA): 17
LogDevObjectVersion:   Dev-Anim (AF43A65D-7FD3-4947-9873-3E8ED9C1BB05): 15
LogDevObjectVersion:   Dev-ReflectionCapture (6B266CEC-1EC7-4B8F-A30B-E4D90942FC07): 1
LogDevObjectVersion:   Dev-Automation (0DF73D61-A23F-47EA-B727-89E90C41499A): 1
LogDevObjectVersion:   FortniteMain (601D1886-AC64-4F84-AA16-D3DE0DEAC7D6): 47
LogDevObjectVersion:   FortniteRelease (E7086368-6B23-4C58-8439-1B7016265E91): 1
LogDevObjectVersion:   Dev-Enterprise (9DFFBCD6-494F-0158-E221-12823C92A888): 10
LogDevObjectVersion:   Dev-Niagara (F2AED0AC-9AFE-416F-8664-AA7FFA26D6FC): 1
LogDevObjectVersion:   Dev-Destruction (174F1F0B-B4C6-45A5-B13F-2EE8D0FB917D): 10
LogDevObjectVersion:   Dev-Physics-Ext (35F94A83-E258-406C-A318-09F59610247C): 41
LogDevObjectVersion:   Dev-PhysicsMaterial-Chaos (B68FC16E-8B1B-42E2-B453-215C058844FE): 1
LogDevObjectVersion:   Dev-CineCamera (B2E18506-4273-CFC2-A54E-F4BB758BBA07): 1
LogDevObjectVersion:   Dev-VirtualProduction (64F58936-FD1B-42BA-BA96-7289D5D0FA4E): 1
LogDevObjectVersion:   Dev-MediaFramework (6F0ED827-A609-4895-9C91-998D90180EA4): 2
LogInit: Presizing for max 25165824 objects, including 0 objects not considered by GC, pre-allocating 0 bytes for permanent pool.
LogConfig: Applying CVar settings from Section [/Script/Engine.StreamingSettings] File [C:/Users/afk05/school/unity projects/ProjectVrij-Git/Vrij2_BlockOut/Saved/Config/Windows/Engine.ini]
LogConfig: Setting CVar [[s.MinBulkDataSizeForAsyncLoading:131072]]
LogConfig: Setting CVar [[s.AsyncLoadingThreadEnabled:0]]
LogConfig: Setting CVar [[s.EventDrivenLoaderEnabled:1]]
LogConfig: Setting CVar [[s.WarnIfTimeLimitExceeded:0]]
LogConfig: Setting CVar [[s.TimeLimitExceededMultiplier:1.5]]
LogConfig: Setting CVar [[s.TimeLimitExceededMinTime:0.005]]
LogConfig: Setting CVar [[s.UseBackgroundLevelStreaming:1]]
LogConfig: Setting CVar [[s.PriorityAsyncLoadingExtraTime:15.0]]
LogConfig: Setting CVar [[s.LevelStreamingActorsUpdateTimeLimit:5.0]]
LogConfig: Setting CVar [[s.PriorityLevelStreamingActorsUpdateExtraTime:5.0]]
LogConfig: Setting CVar [[s.LevelStreamingComponentsRegistrationGranularity:10]]
LogConfig: Setting CVar [[s.UnregisterComponentsTimeLimit:1.0]]
LogConfig: Setting CVar [[s.LevelStreamingComponentsUnregistrationGranularity:5]]
LogConfig: Setting CVar [[s.FlushStreamingOnExit:1]]
LogInit: Object subsystem initialized
LogConfig: Setting CVar [[con.DebugEarlyDefault:1]]
LogConfig: Setting CVar [[r.setres:1280x720]]
[2023.06.02-07.37.05:166][  0]LogConfig: Setting CVar [[r.VSync:0]]
[2023.06.02-07.37.05:166][  0]LogConfig: Setting CVar [[r.RHICmdBypass:0]]
[2023.06.02-07.37.05:166][  0]LogConfig: Applying CVar settings from Section [/Script/Engine.RendererSettings] File [C:/Users/afk05/school/unity projects/ProjectVrij-Git/Vrij2_BlockOut/Saved/Config/Windows/Engine.ini]
[2023.06.02-07.37.05:166][  0]LogConfig: Setting CVar [[r.GPUCrashDebugging:0]]
[2023.06.02-07.37.05:167][  0]LogConfig: Setting CVar [[r.SkinCache.CompileShaders:1]]
[2023.06.02-07.37.05:167][  0]LogConfig: Setting CVar [[r.RayTracing:1]]
[2023.06.02-07.37.05:167][  0]LogConfig: Applying CVar settings from Section [/Script/Engine.RendererOverrideSettings] File [C:/Users/afk05/school/unity projects/ProjectVrij-Git/Vrij2_BlockOut/Saved/Config/Windows/Engine.ini]
[2023.06.02-07.37.05:167][  0]LogConfig: Applying CVar settings from Section [/Script/Engine.StreamingSettings] File [C:/Users/afk05/school/unity projects/ProjectVrij-Git/Vrij2_BlockOut/Saved/Config/Windows/Engine.ini]
[2023.06.02-07.37.05:167][  0]LogConfig: Setting CVar [[s.MinBulkDataSizeForAsyncLoading:131072]]
[2023.06.02-07.37.05:167][  0]LogConfig: Setting CVar [[s.AsyncLoadingThreadEnabled:0]]
[2023.06.02-07.37.05:167][  0]LogConfig: Setting CVar [[s.EventDrivenLoaderEnabled:1]]
[2023.06.02-07.37.05:167][  0]LogConfig: Setting CVar [[s.WarnIfTimeLimitExceeded:0]]
[2023.06.02-07.37.05:167][  0]LogConfig: Setting CVar [[s.TimeLimitExceededMultiplier:1.5]]
[2023.06.02-07.37.05:167][  0]LogConfig: Setting CVar [[s.TimeLimitExceededMinTime:0.005]]
[2023.06.02-07.37.05:167][  0]LogConfig: Setting CVar [[s.UseBackgroundLevelStreaming:1]]
[2023.06.02-07.37.05:167][  0]LogConfig: Setting CVar [[s.PriorityAsyncLoadingExtraTime:15.0]]
[2023.06.02-07.37.05:167][  0]LogConfig: Setting CVar [[s.LevelStreamingActorsUpdateTimeLimit:5.0]]
[2023.06.02-07.37.05:167][  0]LogConfig: Setting CVar [[s.PriorityLevelStreamingActorsUpdateExtraTime:5.0]]
[2023.06.02-07.37.05:167][  0]LogConfig: Setting CVar [[s.LevelStreamingComponentsRegistrationGranularity:10]]
[2023.06.02-07.37.05:167][  0]LogConfig: Setting CVar [[s.UnregisterComponentsTimeLimit:1.0]]
[2023.06.02-07.37.05:167][  0]LogConfig: Setting CVar [[s.LevelStreamingComponentsUnregistrationGranularity:5]]
[2023.06.02-07.37.05:167][  0]LogConfig: Setting CVar [[s.FlushStreamingOnExit:1]]
[2023.06.02-07.37.05:167][  0]LogConfig: Applying CVar settings from Section [/Script/Engine.GarbageCollectionSettings] File [C:/Users/afk05/school/unity projects/ProjectVrij-Git/Vrij2_BlockOut/Saved/Config/Windows/Engine.ini]
[2023.06.02-07.37.05:167][  0]LogConfig: Setting CVar [[gc.MaxObjectsNotConsideredByGC:1]]
[2023.06.02-07.37.05:167][  0]LogConfig: Setting CVar [[gc.SizeOfPermanentObjectPool:0]]
[2023.06.02-07.37.05:167][  0]LogConfig: Setting CVar [[gc.FlushStreamingOnGC:0]]
[2023.06.02-07.37.05:167][  0]LogConfig: Setting CVar [[gc.NumRetriesBeforeForcingGC:10]]
[2023.06.02-07.37.05:167][  0]LogConfig: Setting CVar [[gc.AllowParallelGC:1]]
[2023.06.02-07.37.05:167][  0]LogConfig: Setting CVar [[gc.TimeBetweenPurgingPendingKillObjects:61.1]]
[2023.06.02-07.37.05:167][  0]LogConfig: Setting CVar [[gc.MaxObjectsInEditor:25165824]]
[2023.06.02-07.37.05:167][  0]LogConfig: Setting CVar [[gc.IncrementalBeginDestroyEnabled:1]]
[2023.06.02-07.37.05:167][  0]LogConfig: Setting CVar [[gc.CreateGCClusters:1]]
[2023.06.02-07.37.05:167][  0]LogConfig: Setting CVar [[gc.MinGCClusterSize:5]]
[2023.06.02-07.37.05:167][  0]LogConfig: Setting CVar [[gc.ActorClusteringEnabled:0]]
[2023.06.02-07.37.05:167][  0]LogConfig: Setting CVar [[gc.BlueprintClusteringEnabled:0]]
[2023.06.02-07.37.05:167][  0]LogConfig: Setting CVar [[gc.UseDisregardForGCOnDedicatedServers:0]]
[2023.06.02-07.37.05:167][  0]LogConfig: Setting CVar [[gc.MultithreadedDestructionEnabled:1]]
[2023.06.02-07.37.05:167][  0]LogConfig: Applying CVar settings from Section [/Script/Engine.NetworkSettings] File [C:/Users/afk05/school/unity projects/ProjectVrij-Git/Vrij2_BlockOut/Saved/Config/Windows/Engine.ini]
[2023.06.02-07.37.05:167][  0]LogConfig: Applying CVar settings from Section [/Script/UnrealEd.CookerSettings] File [C:/Users/afk05/school/unity projects/ProjectVrij-Git/Vrij2_BlockOut/Saved/Config/Windows/Engine.ini]
[2023.06.02-07.37.05:173][  0]LogConfig: Applying CVar settings from Section [ViewDistanceQuality@3] File [C:/Users/afk05/school/unity projects/ProjectVrij-Git/Vrij2_BlockOut/Saved/Config/Windows/Scalability.ini]
[2023.06.02-07.37.05:173][  0]LogConfig: Setting CVar [[r.SkeletalMeshLODBias:0]]
[2023.06.02-07.37.05:173][  0]LogConfig: Setting CVar [[r.ViewDistanceScale:1.0]]
[2023.06.02-07.37.05:173][  0]LogConfig: Applying CVar settings from Section [AntiAliasingQuality@3] File [C:/Users/afk05/school/unity projects/ProjectVrij-Git/Vrij2_BlockOut/Saved/Config/Windows/Scalability.ini]
[2023.06.02-07.37.05:173][  0]LogConfig: Setting CVar [[r.PostProcessAAQuality:4]]
[2023.06.02-07.37.05:173][  0]LogConfig: Applying CVar settings from Section [ShadowQuality@3] File [C:/Users/afk05/school/unity projects/ProjectVrij-Git/Vrij2_BlockOut/Saved/Config/Windows/Scalability.ini]
[2023.06.02-07.37.05:173][  0]LogConfig: Setting CVar [[r.LightFunctionQuality:1]]
[2023.06.02-07.37.05:173][  0]LogConfig: Setting CVar [[r.ShadowQuality:5]]
[2023.06.02-07.37.05:173][  0]LogConfig: Setting CVar [[r.Shadow.CSM.MaxCascades:10]]
[2023.06.02-07.37.05:173][  0]LogConfig: Setting CVar [[r.Shadow.MaxResolution:2048]]
[2023.06.02-07.37.05:173][  0]LogConfig: Setting CVar [[r.Shadow.MaxCSMResolution:2048]]
[2023.06.02-07.37.05:173][  0]LogConfig: Setting CVar [[r.Shadow.RadiusThreshold:0.01]]
[2023.06.02-07.37.05:173][  0]LogConfig: Setting CVar [[r.Shadow.DistanceScale:1.0]]
[2023.06.02-07.37.05:173][  0]LogConfig: Setting CVar [[r.Shadow.CSM.TransitionScale:1.0]]
[2023.06.02-07.37.05:173][  0]LogConfig: Setting CVar [[r.Shadow.PreShadowResolutionFactor:1.0]]
[2023.06.02-07.37.05:173][  0]LogConfig: Setting CVar [[r.DistanceFieldShadowing:1]]
[2023.06.02-07.37.05:173][  0]LogConfig: Setting CVar [[r.DistanceFieldAO:1]]
[2023.06.02-07.37.05:173][  0]LogConfig: Setting CVar [[r.AOQuality:2]]
[2023.06.02-07.37.05:173][  0]LogConfig: Setting CVar [[r.VolumetricFog:1]]
[2023.06.02-07.37.05:173][  0]LogConfig: Setting CVar [[r.VolumetricFog.GridPixelSize:8]]
[2023.06.02-07.37.05:173][  0]LogConfig: Setting CVar [[r.VolumetricFog.GridSizeZ:128]]
[2023.06.02-07.37.05:173][  0]LogConfig: Setting CVar [[r.VolumetricFog.HistoryMissSupersampleCount:4]]
[2023.06.02-07.37.05:173][  0]LogConfig: Setting CVar [[r.LightMaxDrawDistanceScale:1]]
[2023.06.02-07.37.05:173][  0]LogConfig: Setting CVar [[r.CapsuleShadows:1]]
[2023.06.02-07.37.05:173][  0]LogConfig: Applying CVar settings from Section [PostProcessQuality@3] File [C:/Users/afk05/school/unity projects/ProjectVrij-Git/Vrij2_BlockOut/Saved/Config/Windows/Scalability.ini]
[2023.06.02-07.37.05:173][  0]LogConfig: Setting CVar [[r.MotionBlurQuality:4]]
[2023.06.02-07.37.05:173][  0]LogConfig: Setting CVar [[r.AmbientOcclusionMipLevelFactor:0.4]]
[2023.06.02-07.37.05:173][  0]LogConfig: Setting CVar [[r.AmbientOcclusionMaxQuality:100]]
[2023.06.02-07.37.05:173][  0]LogConfig: Setting CVar [[r.AmbientOcclusionLevels:-1]]
[2023.06.02-07.37.05:173][  0]LogConfig: Setting CVar [[r.AmbientOcclusionRadiusScale:1.0]]
[2023.06.02-07.37.05:173][  0]LogConfig: Setting CVar [[r.DepthOfFieldQuality:2]]
[2023.06.02-07.37.05:173][  0]LogConfig: Setting CVar [[r.RenderTargetPoolMin:400]]
[2023.06.02-07.37.05:173][  0]LogConfig: Setting CVar [[r.LensFlareQuality:2]]
[2023.06.02-07.37.05:173][  0]LogConfig: Setting CVar [[r.SceneColorFringeQuality:1]]
[2023.06.02-07.37.05:173][  0]LogConfig: Setting CVar [[r.EyeAdaptationQuality:2]]
[2023.06.02-07.37.05:173][  0]LogConfig: Setting CVar [[r.BloomQuality:5]]
[2023.06.02-07.37.05:173][  0]LogConfig: Setting CVar [[r.FastBlurThreshold:100]]
[2023.06.02-07.37.05:174][  0]LogConfig: Setting CVar [[r.Upscale.Quality:3]]
[2023.06.02-07.37.05:174][  0]LogConfig: Setting CVar [[r.Tonemapper.GrainQuantization:1]]
[2023.06.02-07.37.05:174][  0]LogConfig: Setting CVar [[r.LightShaftQuality:1]]
[2023.06.02-07.37.05:174][  0]LogConfig: Setting CVar [[r.Filter.SizeScale:1]]
[2023.06.02-07.37.05:174][  0]LogConfig: Setting CVar [[r.Tonemapper.Quality:5]]
[2023.06.02-07.37.05:174][  0]LogConfig: Setting CVar [[r.DOF.Gather.AccumulatorQuality:1        ; higher gathering accumulator quality]]
[2023.06.02-07.37.05:174][  0]LogConfig: Setting CVar [[r.DOF.Gather.PostfilterMethod:1          ; Median3x3 postfilering method]]
[2023.06.02-07.37.05:174][  0]LogConfig: Setting CVar [[r.DOF.Gather.EnableBokehSettings:0       ; no bokeh simulation when gathering]]
[2023.06.02-07.37.05:174][  0]LogConfig: Setting CVar [[r.DOF.Gather.RingCount:4                 ; medium number of samples when gathering]]
[2023.06.02-07.37.05:174][  0]LogConfig: Setting CVar [[r.DOF.Scatter.ForegroundCompositing:1    ; additive foreground scattering]]
[2023.06.02-07.37.05:174][  0]LogConfig: Setting CVar [[r.DOF.Scatter.BackgroundCompositing:2    ; additive background scattering]]
[2023.06.02-07.37.05:174][  0]LogConfig: Setting CVar [[r.DOF.Scatter.EnableBokehSettings:1      ; bokeh simulation when scattering]]
[2023.06.02-07.37.05:174][  0]LogConfig: Setting CVar [[r.DOF.Scatter.MaxSpriteRatio:0.1         ; only a maximum of 10% of scattered bokeh]]
[2023.06.02-07.37.05:174][  0]LogConfig: Setting CVar [[r.DOF.Recombine.Quality:1                ; cheap slight out of focus]]
[2023.06.02-07.37.05:174][  0]LogConfig: Setting CVar [[r.DOF.Recombine.EnableBokehSettings:0    ; no bokeh simulation on slight out of focus]]
[2023.06.02-07.37.05:174][  0]LogConfig: Setting CVar [[r.DOF.TemporalAAQuality:1                ; more stable temporal accumulation]]
[2023.06.02-07.37.05:174][  0]LogConfig: Setting CVar [[r.DOF.Kernel.MaxForegroundRadius:0.025]]
[2023.06.02-07.37.05:174][  0]LogConfig: Setting CVar [[r.DOF.Kernel.MaxBackgroundRadius:0.025]]
[2023.06.02-07.37.05:174][  0]LogConfig: Applying CVar settings from Section [TextureQuality@3] File [C:/Users/afk05/school/unity projects/ProjectVrij-Git/Vrij2_BlockOut/Saved/Config/Windows/Scalability.ini]
[2023.06.02-07.37.05:174][  0]LogConfig: Setting CVar [[r.Streaming.MipBias:0]]
[2023.06.02-07.37.05:174][  0]LogConfig: Setting CVar [[r.Streaming.AmortizeCPUToGPUCopy:0]]
[2023.06.02-07.37.05:174][  0]LogConfig: Setting CVar [[r.Streaming.MaxNumTexturesToStreamPerFrame:0]]
[2023.06.02-07.37.05:174][  0]LogConfig: Setting CVar [[r.Streaming.Boost:1]]
[2023.06.02-07.37.05:174][  0]LogConfig: Setting CVar [[r.MaxAnisotropy:8]]
[2023.06.02-07.37.05:174][  0]LogConfig: Setting CVar [[r.VT.MaxAnisotropy:8]]
[2023.06.02-07.37.05:174][  0]LogConfig: Setting CVar [[r.Streaming.LimitPoolSizeToVRAM:0]]
[2023.06.02-07.37.05:174][  0]LogConfig: Setting CVar [[r.Streaming.PoolSize:1000]]
[2023.06.02-07.37.05:174][  0]LogConfig: Setting CVar [[r.Streaming.MaxEffectiveScreenSize:0]]
[2023.06.02-07.37.05:174][  0]LogConfig: Applying CVar settings from Section [EffectsQuality@3] File [C:/Users/afk05/school/unity projects/ProjectVrij-Git/Vrij2_BlockOut/Saved/Config/Windows/Scalability.ini]
[2023.06.02-07.37.05:174][  0]LogConfig: Setting CVar [[r.TranslucencyLightingVolumeDim:64]]
[2023.06.02-07.37.05:174][  0]LogConfig: Setting CVar [[r.RefractionQuality:2]]
[2023.06.02-07.37.05:174][  0]LogConfig: Setting CVar [[r.SSR.Quality:3]]
[2023.06.02-07.37.05:174][  0]LogConfig: Setting CVar [[r.SSR.HalfResSceneColor:0]]
[2023.06.02-07.37.05:174][  0]LogConfig: Setting CVar [[r.SceneColorFormat:4]]
[2023.06.02-07.37.05:174][  0]LogConfig: Setting CVar [[r.DetailMode:2]]
[2023.06.02-07.37.05:174][  0]LogConfig: Setting CVar [[r.TranslucencyVolumeBlur:1]]
[2023.06.02-07.37.05:174][  0]LogConfig: Setting CVar [[r.MaterialQualityLevel:1 ; High quality]]
[2023.06.02-07.37.05:174][  0]LogConfig: Setting CVar [[r.AnisotropicMaterials:1]]
[2023.06.02-07.37.05:174][  0]LogConfig: Setting CVar [[r.SSS.Scale:1]]
[2023.06.02-07.37.05:174][  0]LogConfig: Setting CVar [[r.SSS.SampleSet:2]]
[2023.06.02-07.37.05:174][  0]LogConfig: Setting CVar [[r.SSS.Quality:1]]
[2023.06.02-07.37.05:174][  0]LogConfig: Setting CVar [[r.SSS.HalfRes:0]]
[2023.06.02-07.37.05:174][  0]LogConfig: Setting CVar [[r.SSGI.Quality:3]]
[2023.06.02-07.37.05:174][  0]LogConfig: Setting CVar [[r.EmitterSpawnRateScale:1.0]]
[2023.06.02-07.37.05:174][  0]LogConfig: Setting CVar [[r.ParticleLightQuality:2]]
[2023.06.02-07.37.05:174][  0]LogConfig: Setting CVar [[r.SkyAtmosphere.AerialPerspectiveLUT.FastApplyOnOpaque:1 ; Always have FastSkyLUT 1 in this case to avoid wrong sky]]
[2023.06.02-07.37.05:174][  0]LogConfig: Setting CVar [[r.SkyAtmosphere.AerialPerspectiveLUT.SampleCountMaxPerSlice:4]]
[2023.06.02-07.37.05:174][  0]LogConfig: Setting CVar [[r.SkyAtmosphere.AerialPerspectiveLUT.DepthResolution:16.0]]
[2023.06.02-07.37.05:174][  0]LogConfig: Setting CVar [[r.SkyAtmosphere.FastSkyLUT:1]]
[2023.06.02-07.37.05:174][  0]LogConfig: Setting CVar [[r.SkyAtmosphere.FastSkyLUT.SampleCountMin:4.0]]
[2023.06.02-07.37.05:174][  0]LogConfig: Setting CVar [[r.SkyAtmosphere.FastSkyLUT.SampleCountMax:128.0]]
[2023.06.02-07.37.05:174][  0]LogConfig: Setting CVar [[r.SkyAtmosphere.SampleCountMin:4.0]]
[2023.06.02-07.37.05:174][  0]LogConfig: Setting CVar [[r.SkyAtmosphere.SampleCountMax:128.0]]
[2023.06.02-07.37.05:174][  0]LogConfig: Setting CVar [[r.SkyAtmosphere.TransmittanceLUT.UseSmallFormat:0]]
[2023.06.02-07.37.05:174][  0]LogConfig: Setting CVar [[r.SkyAtmosphere.TransmittanceLUT.SampleCount:10.0]]
[2023.06.02-07.37.05:174][  0]LogConfig: Setting CVar [[r.SkyAtmosphere.MultiScatteringLUT.SampleCount:15.0]]
[2023.06.02-07.37.05:174][  0]LogConfig: Setting CVar [[r.SkyLight.RealTimeReflectionCapture:1]]
[2023.06.02-07.37.05:174][  0]LogConfig: Applying CVar settings from Section [FoliageQuality@3] File [C:/Users/afk05/school/unity projects/ProjectVrij-Git/Vrij2_BlockOut/Saved/Config/Windows/Scalability.ini]
[2023.06.02-07.37.05:174][  0]LogConfig: Setting CVar [[foliage.DensityScale:1.0]]
[2023.06.02-07.37.05:174][  0]LogConfig: Setting CVar [[grass.DensityScale:1.0]]
[2023.06.02-07.37.05:174][  0]LogConfig: Applying CVar settings from Section [ShadingQuality@3] File [C:/Users/afk05/school/unity projects/ProjectVrij-Git/Vrij2_BlockOut/Saved/Config/Windows/Scalability.ini]
[2023.06.02-07.37.05:174][  0]LogConfig: Setting CVar [[r.HairStrands.SkyLighting.IntegrationType:2]]
[2023.06.02-07.37.05:174][  0]LogConfig: Setting CVar [[r.HairStrands.SkyAO.SampleCount:4]]
[2023.06.02-07.37.05:174][  0]LogConfig: Setting CVar [[r.HairStrands.Visibility.MSAA.SamplePerPixel:4]]
[2023.06.02-07.37.05:174][  0]LogInit: Selected Device Profile: [Windows]
[2023.06.02-07.37.05:174][  0]LogInit: Applying CVar settings loaded from the selected device profile: [Windows]
[2023.06.02-07.37.05:174][  0]LogHAL: Display: Platform has ~ 14 GB [14877257728 / 17179869184 / 14], which maps to Larger [LargestMinGB=32, LargerMinGB=12, DefaultMinGB=8, SmallerMinGB=6, SmallestMinGB=0)
[2023.06.02-07.37.05:174][  0]LogInit: Going up to parent DeviceProfile []
[2023.06.02-07.37.05:174][  0]LogConfig: Applying CVar settings from Section [ViewDistanceQuality@3] File [C:/Users/afk05/school/unity projects/ProjectVrij-Git/Vrij2_BlockOut/Saved/Config/Windows/Scalability.ini]
[2023.06.02-07.37.05:174][  0]LogConfig: Setting CVar [[r.SkeletalMeshLODBias:0]]
[2023.06.02-07.37.05:174][  0]LogConfig: Setting CVar [[r.ViewDistanceScale:1.0]]
[2023.06.02-07.37.05:174][  0]LogConfig: Applying CVar settings from Section [AntiAliasingQuality@3] File [C:/Users/afk05/school/unity projects/ProjectVrij-Git/Vrij2_BlockOut/Saved/Config/Windows/Scalability.ini]
[2023.06.02-07.37.05:174][  0]LogConfig: Setting CVar [[r.PostProcessAAQuality:4]]
[2023.06.02-07.37.05:174][  0]LogConfig: Applying CVar settings from Section [ShadowQuality@3] File [C:/Users/afk05/school/unity projects/ProjectVrij-Git/Vrij2_BlockOut/Saved/Config/Windows/Scalability.ini]
[2023.06.02-07.37.05:174][  0]LogConfig: Setting CVar [[r.LightFunctionQuality:1]]
[2023.06.02-07.37.05:174][  0]LogConfig: Setting CVar [[r.ShadowQuality:5]]
[2023.06.02-07.37.05:174][  0]LogConfig: Setting CVar [[r.Shadow.CSM.MaxCascades:10]]
[2023.06.02-07.37.05:174][  0]LogConfig: Setting CVar [[r.Shadow.MaxResolution:2048]]
[2023.06.02-07.37.05:174][  0]LogConfig: Setting CVar [[r.Shadow.MaxCSMResolution:2048]]
[2023.06.02-07.37.05:174][  0]LogConfig: Setting CVar [[r.Shadow.RadiusThreshold:0.01]]
[2023.06.02-07.37.05:174][  0]LogConfig: Setting CVar [[r.Shadow.DistanceScale:1.0]]
[2023.06.02-07.37.05:174][  0]LogConfig: Setting CVar [[r.Shadow.CSM.TransitionScale:1.0]]
[2023.06.02-07.37.05:174][  0]LogConfig: Setting CVar [[r.Shadow.PreShadowResolutionFactor:1.0]]
[2023.06.02-07.37.05:174][  0]LogConfig: Setting CVar [[r.DistanceFieldShadowing:1]]
[2023.06.02-07.37.05:174][  0]LogConfig: Setting CVar [[r.DistanceFieldAO:1]]
[2023.06.02-07.37.05:174][  0]LogConfig: Setting CVar [[r.AOQuality:2]]
[2023.06.02-07.37.05:174][  0]LogConfig: Setting CVar [[r.VolumetricFog:1]]
[2023.06.02-07.37.05:174][  0]LogConfig: Setting CVar [[r.VolumetricFog.GridPixelSize:8]]
[2023.06.02-07.37.05:174][  0]LogConfig: Setting CVar [[r.VolumetricFog.GridSizeZ:128]]
[2023.06.02-07.37.05:175][  0]LogConfig: Setting CVar [[r.VolumetricFog.HistoryMissSupersampleCount:4]]
[2023.06.02-07.37.05:175][  0]LogConfig: Setting CVar [[r.LightMaxDrawDistanceScale:1]]
[2023.06.02-07.37.05:175][  0]LogConfig: Setting CVar [[r.CapsuleShadows:1]]
[2023.06.02-07.37.05:175][  0]LogConfig: Applying CVar settings from Section [PostProcessQuality@3] File [C:/Users/afk05/school/unity projects/ProjectVrij-Git/Vrij2_BlockOut/Saved/Config/Windows/Scalability.ini]
[2023.06.02-07.37.05:175][  0]LogConfig: Setting CVar [[r.MotionBlurQuality:4]]
[2023.06.02-07.37.05:175][  0]LogConfig: Setting CVar [[r.AmbientOcclusionMipLevelFactor:0.4]]
[2023.06.02-07.37.05:175][  0]LogConfig: Setting CVar [[r.AmbientOcclusionMaxQuality:100]]
[2023.06.02-07.37.05:175][  0]LogConfig: Setting CVar [[r.AmbientOcclusionLevels:-1]]
[2023.06.02-07.37.05:175][  0]LogConfig: Setting CVar [[r.AmbientOcclusionRadiusScale:1.0]]
[2023.06.02-07.37.05:175][  0]LogConfig: Setting CVar [[r.DepthOfFieldQuality:2]]
[2023.06.02-07.37.05:175][  0]LogConfig: Setting CVar [[r.RenderTargetPoolMin:400]]
[2023.06.02-07.37.05:175][  0]LogConfig: Setting CVar [[r.LensFlareQuality:2]]
[2023.06.02-07.37.05:175][  0]LogConfig: Setting CVar [[r.SceneColorFringeQuality:1]]
[2023.06.02-07.37.05:175][  0]LogConfig: Setting CVar [[r.EyeAdaptationQuality:2]]
[2023.06.02-07.37.05:175][  0]LogConfig: Setting CVar [[r.BloomQuality:5]]
[2023.06.02-07.37.05:175][  0]LogConfig: Setting CVar [[r.FastBlurThreshold:100]]
[2023.06.02-07.37.05:175][  0]LogConfig: Setting CVar [[r.Upscale.Quality:3]]
[2023.06.02-07.37.05:175][  0]LogConfig: Setting CVar [[r.Tonemapper.GrainQuantization:1]]
[2023.06.02-07.37.05:175][  0]LogConfig: Setting CVar [[r.LightShaftQuality:1]]
[2023.06.02-07.37.05:175][  0]LogConfig: Setting CVar [[r.Filter.SizeScale:1]]
[2023.06.02-07.37.05:175][  0]LogConfig: Setting CVar [[r.Tonemapper.Quality:5]]
[2023.06.02-07.37.05:175][  0]LogConfig: Setting CVar [[r.DOF.Gather.AccumulatorQuality:1        ; higher gathering accumulator quality]]
[2023.06.02-07.37.05:175][  0]LogConfig: Setting CVar [[r.DOF.Gather.PostfilterMethod:1          ; Median3x3 postfilering method]]
[2023.06.02-07.37.05:175][  0]LogConfig: Setting CVar [[r.DOF.Gather.EnableBokehSettings:0       ; no bokeh simulation when gathering]]
[2023.06.02-07.37.05:175][  0]LogConfig: Setting CVar [[r.DOF.Gather.RingCount:4                 ; medium number of samples when gathering]]
[2023.06.02-07.37.05:175][  0]LogConfig: Setting CVar [[r.DOF.Scatter.ForegroundCompositing:1    ; additive foreground scattering]]
[2023.06.02-07.37.05:175][  0]LogConfig: Setting CVar [[r.DOF.Scatter.BackgroundCompositing:2    ; additive background scattering]]
[2023.06.02-07.37.05:175][  0]LogConfig: Setting CVar [[r.DOF.Scatter.EnableBokehSettings:1      ; bokeh simulation when scattering]]
[2023.06.02-07.37.05:175][  0]LogConfig: Setting CVar [[r.DOF.Scatter.MaxSpriteRatio:0.1         ; only a maximum of 10% of scattered bokeh]]
[2023.06.02-07.37.05:175][  0]LogConfig: Setting CVar [[r.DOF.Recombine.Quality:1                ; cheap slight out of focus]]
[2023.06.02-07.37.05:175][  0]LogConfig: Setting CVar [[r.DOF.Recombine.EnableBokehSettings:0    ; no bokeh simulation on slight out of focus]]
[2023.06.02-07.37.05:175][  0]LogConfig: Setting CVar [[r.DOF.TemporalAAQuality:1                ; more stable temporal accumulation]]
[2023.06.02-07.37.05:175][  0]LogConfig: Setting CVar [[r.DOF.Kernel.MaxForegroundRadius:0.025]]
[2023.06.02-07.37.05:175][  0]LogConfig: Setting CVar [[r.DOF.Kernel.MaxBackgroundRadius:0.025]]
[2023.06.02-07.37.05:175][  0]LogConfig: Applying CVar settings from Section [TextureQuality@3] File [C:/Users/afk05/school/unity projects/ProjectVrij-Git/Vrij2_BlockOut/Saved/Config/Windows/Scalability.ini]
[2023.06.02-07.37.05:175][  0]LogConfig: Setting CVar [[r.Streaming.MipBias:0]]
[2023.06.02-07.37.05:175][  0]LogConfig: Setting CVar [[r.Streaming.AmortizeCPUToGPUCopy:0]]
[2023.06.02-07.37.05:175][  0]LogConfig: Setting CVar [[r.Streaming.MaxNumTexturesToStreamPerFrame:0]]
[2023.06.02-07.37.05:175][  0]LogConfig: Setting CVar [[r.Streaming.Boost:1]]
[2023.06.02-07.37.05:175][  0]LogConfig: Setting CVar [[r.MaxAnisotropy:8]]
[2023.06.02-07.37.05:175][  0]LogConfig: Setting CVar [[r.VT.MaxAnisotropy:8]]
[2023.06.02-07.37.05:175][  0]LogConfig: Setting CVar [[r.Streaming.LimitPoolSizeToVRAM:0]]
[2023.06.02-07.37.05:175][  0]LogConfig: Setting CVar [[r.Streaming.PoolSize:1000]]
[2023.06.02-07.37.05:175][  0]LogConfig: Setting CVar [[r.Streaming.MaxEffectiveScreenSize:0]]
[2023.06.02-07.37.05:175][  0]LogConfig: Applying CVar settings from Section [EffectsQuality@3] File [C:/Users/afk05/school/unity projects/ProjectVrij-Git/Vrij2_BlockOut/Saved/Config/Windows/Scalability.ini]
[2023.06.02-07.37.05:175][  0]LogConfig: Setting CVar [[r.TranslucencyLightingVolumeDim:64]]
[2023.06.02-07.37.05:175][  0]LogConfig: Setting CVar [[r.RefractionQuality:2]]
[2023.06.02-07.37.05:175][  0]LogConfig: Setting CVar [[r.SSR.Quality:3]]
[2023.06.02-07.37.05:175][  0]LogConfig: Setting CVar [[r.SSR.HalfResSceneColor:0]]
[2023.06.02-07.37.05:175][  0]LogConfig: Setting CVar [[r.SceneColorFormat:4]]
[2023.06.02-07.37.05:175][  0]LogConfig: Setting CVar [[r.DetailMode:2]]
[2023.06.02-07.37.05:175][  0]LogConfig: Setting CVar [[r.TranslucencyVolumeBlur:1]]
[2023.06.02-07.37.05:175][  0]LogConfig: Setting CVar [[r.MaterialQualityLevel:1 ; High quality]]
[2023.06.02-07.37.05:175][  0]LogConfig: Setting CVar [[r.AnisotropicMaterials:1]]
[2023.06.02-07.37.05:175][  0]LogConfig: Setting CVar [[r.SSS.Scale:1]]
[2023.06.02-07.37.05:175][  0]LogConfig: Setting CVar [[r.SSS.SampleSet:2]]
[2023.06.02-07.37.05:175][  0]LogConfig: Setting CVar [[r.SSS.Quality:1]]
[2023.06.02-07.37.05:175][  0]LogConfig: Setting CVar [[r.SSS.HalfRes:0]]
[2023.06.02-07.37.05:175][  0]LogConfig: Setting CVar [[r.SSGI.Quality:3]]
[2023.06.02-07.37.05:175][  0]LogConfig: Setting CVar [[r.EmitterSpawnRateScale:1.0]]
[2023.06.02-07.37.05:175][  0]LogConfig: Setting CVar [[r.ParticleLightQuality:2]]
[2023.06.02-07.37.05:175][  0]LogConfig: Setting CVar [[r.SkyAtmosphere.AerialPerspectiveLUT.FastApplyOnOpaque:1 ; Always have FastSkyLUT 1 in this case to avoid wrong sky]]
[2023.06.02-07.37.05:175][  0]LogConfig: Setting CVar [[r.SkyAtmosphere.AerialPerspectiveLUT.SampleCountMaxPerSlice:4]]
[2023.06.02-07.37.05:175][  0]LogConfig: Setting CVar [[r.SkyAtmosphere.AerialPerspectiveLUT.DepthResolution:16.0]]
[2023.06.02-07.37.05:175][  0]LogConfig: Setting CVar [[r.SkyAtmosphere.FastSkyLUT:1]]
[2023.06.02-07.37.05:175][  0]LogConfig: Setting CVar [[r.SkyAtmosphere.FastSkyLUT.SampleCountMin:4.0]]
[2023.06.02-07.37.05:175][  0]LogConfig: Setting CVar [[r.SkyAtmosphere.FastSkyLUT.SampleCountMax:128.0]]
[2023.06.02-07.37.05:175][  0]LogConfig: Setting CVar [[r.SkyAtmosphere.SampleCountMin:4.0]]
[2023.06.02-07.37.05:175][  0]LogConfig: Setting CVar [[r.SkyAtmosphere.SampleCountMax:128.0]]
[2023.06.02-07.37.05:175][  0]LogConfig: Setting CVar [[r.SkyAtmosphere.TransmittanceLUT.UseSmallFormat:0]]
[2023.06.02-07.37.05:175][  0]LogConfig: Setting CVar [[r.SkyAtmosphere.TransmittanceLUT.SampleCount:10.0]]
[2023.06.02-07.37.05:175][  0]LogConfig: Setting CVar [[r.SkyAtmosphere.MultiScatteringLUT.SampleCount:15.0]]
[2023.06.02-07.37.05:175][  0]LogConfig: Setting CVar [[r.SkyLight.RealTimeReflectionCapture:1]]
[2023.06.02-07.37.05:175][  0]LogConfig: Applying CVar settings from Section [FoliageQuality@3] File [C:/Users/afk05/school/unity projects/ProjectVrij-Git/Vrij2_BlockOut/Saved/Config/Windows/Scalability.ini]
[2023.06.02-07.37.05:175][  0]LogConfig: Setting CVar [[foliage.DensityScale:1.0]]
[2023.06.02-07.37.05:175][  0]LogConfig: Setting CVar [[grass.DensityScale:1.0]]
[2023.06.02-07.37.05:175][  0]LogConfig: Applying CVar settings from Section [ShadingQuality@3] File [C:/Users/afk05/school/unity projects/ProjectVrij-Git/Vrij2_BlockOut/Saved/Config/Windows/Scalability.ini]
[2023.06.02-07.37.05:175][  0]LogConfig: Setting CVar [[r.HairStrands.SkyLighting.IntegrationType:2]]
[2023.06.02-07.37.05:175][  0]LogConfig: Setting CVar [[r.HairStrands.SkyAO.SampleCount:4]]
[2023.06.02-07.37.05:175][  0]LogConfig: Setting CVar [[r.HairStrands.Visibility.MSAA.SamplePerPixel:4]]
[2023.06.02-07.37.05:175][  0]LogConfig: Applying CVar settings from Section [Startup] File [../../../Engine/Config/ConsoleVariables.ini]
[2023.06.02-07.37.05:176][  0]LogConfig: Setting CVar [[net.UseAdaptiveNetUpdateFrequency:0]]
[2023.06.02-07.37.05:176][  0]LogConfig: Setting CVar [[p.chaos.AllowCreatePhysxBodies:1]]
[2023.06.02-07.37.05:176][  0]LogConfig: Setting CVar [[fx.SkipVectorVMBackendOptimizations:1]]
[2023.06.02-07.37.05:176][  0]LogConfig: Applying CVar settings from Section [ConsoleVariables] File [C:/Users/afk05/school/unity projects/ProjectVrij-Git/Vrij2_BlockOut/Saved/Config/Windows/Engine.ini]
[2023.06.02-07.37.05:176][  0]LogConfig: Applying CVar settings from Section [ConsoleVariables] File [C:/Users/afk05/school/unity projects/ProjectVrij-Git/Vrij2_BlockOut/Saved/Config/Windows/Editor.ini]
[2023.06.02-07.37.05:176][  0]LogInit: Computer: LAPTOP_DRE
[2023.06.02-07.37.05:176][  0]LogInit: User: afk05
[2023.06.02-07.37.05:176][  0]LogInit: CPU Page size=4096, Cores=8
[2023.06.02-07.37.05:176][  0]LogInit: High frequency timer resolution =10.000000 MHz
[2023.06.02-07.37.05:176][  0]LogMemory: Memory total: Physical=13.9GB (14GB approx)
[2023.06.02-07.37.05:176][  0]LogMemory: Platform Memory Stats for Windows
[2023.06.02-07.37.05:176][  0]LogMemory: Process Physical Memory: 149.85 MB used, 149.85 MB peak
[2023.06.02-07.37.05:176][  0]LogMemory: Process Virtual Memory: 131.58 MB used, 131.58 MB peak
[2023.06.02-07.37.05:176][  0]LogMemory: Physical Memory: 10451.80 MB used,  3736.25 MB free, 14188.06 MB total
[2023.06.02-07.37.05:176][  0]LogMemory: Virtual Memory: 134214480.00 MB used,  3251.63 MB free, 134217728.00 MB total
[2023.06.02-07.37.05:233][  0]LogWindows: WindowsPlatformFeatures enabled
[2023.06.02-07.37.05:288][  0]LogInit: Physics initialised using underlying interface: PhysX
[2023.06.02-07.37.05:288][  0]LogInit: Using OS detected language (nl-NL).
[2023.06.02-07.37.05:288][  0]LogInit: Using OS detected locale (en-US).
[2023.06.02-07.37.05:296][  0]LogTextLocalizationManager: No localization for 'nl-NL' exists, so 'en' will be used for the language.
[2023.06.02-07.37.05:506][  0]LogInit: Setting process to per monitor DPI aware
[2023.06.02-07.37.05:522][  0]LogWindowsTextInputMethodSystem: Display: IME system deactivated.
[2023.06.02-07.37.05:544][  0]LogSlate: New Slate User Created.  User Index 0, Is Virtual User: 0
[2023.06.02-07.37.05:545][  0]LogSlate: Slate User Registered.  User Index 0, Is Virtual User: 0
[2023.06.02-07.37.05:800][  0]LogD3D12RHI: Aftermath initialized
[2023.06.02-07.37.05:800][  0]LogD3D12RHI: Loading WinPixEventRuntime.dll for PIX profiling (from ../../../Engine/Binaries/ThirdParty/Windows/WinPixEventRuntime/x64).
[2023.06.02-07.37.05:860][  0]LogHMD: Failed to initialize OpenVR with code 110
[2023.06.02-07.37.06:061][  0]LogD3D12RHI: Found D3D12 adapter 0: NVIDIA GeForce RTX 3060 Laptop GPU (Max supported Feature Level 12_1)
[2023.06.02-07.37.06:061][  0]LogD3D12RHI: Adapter has 6009MB of dedicated video memory, 0MB of dedicated system memory, and 7094MB of shared system memory, 1 output[s]
[2023.06.02-07.37.06:167][  0]LogD3D12RHI: Found D3D12 adapter 1: AMD Radeon(TM) Graphics (Max supported Feature Level 12_1)
[2023.06.02-07.37.06:167][  0]LogD3D12RHI: Adapter has 2032MB of dedicated video memory, 0MB of dedicated system memory, and 7094MB of shared system memory, 0 output[s]
[2023.06.02-07.37.06:181][  0]LogD3D12RHI: Found D3D12 adapter 2: Microsoft Basic Render Driver (Max supported Feature Level 12_1)
[2023.06.02-07.37.06:181][  0]LogD3D12RHI: Adapter has 0MB of dedicated video memory, 0MB of dedicated system memory, and 7094MB of shared system memory, 0 output[s]
[2023.06.02-07.37.06:181][  0]LogD3D12RHI: Forcing D3D12.AsyncDeferredDeletion=0 as a workaround for a deadlock.
[2023.06.02-07.37.06:181][  0]LogD3D12RHI: Chosen D3D12 Adapter Id = 0
[2023.06.02-07.37.06:193][  0]LogD3D12RHI: InitD3DDevice: -D3DDebug = off -D3D12GPUValidation = off
[2023.06.02-07.37.06:193][  0]LogD3D12RHI: Emitting draw events for PIX profiling.
[2023.06.02-07.37.06:276][  0]LogD3D12RHI: The system supports ID3D12Device1.
[2023.06.02-07.37.06:276][  0]LogD3D12RHI: The system supports ID3D12Device2.
[2023.06.02-07.37.06:276][  0]LogD3D12RHI: The system supports ID3D12Device5.
[2023.06.02-07.37.06:276][  0]LogD3D12RHI: The system supports ID3D12Device7.
[2023.06.02-07.37.06:276][  0]LogD3D12RHI: D3D12 ray tracing 1.0 is supported.
[2023.06.02-07.37.06:276][  0]LogD3D12RHI: D3D12 ray tracing 1.1 is supported.
[2023.06.02-07.37.06:326][  0]LogD3D12RHI: [GPUBreadCrumb] Successfully setup breadcrumb resource for 3D Queue 0
[2023.06.02-07.37.06:334][  0]LogD3D12RHI: [GPUBreadCrumb] Successfully setup breadcrumb resource for Copy Queue 0
[2023.06.02-07.37.06:352][  0]LogD3D12RHI: [GPUBreadCrumb] Successfully setup breadcrumb resource for Compute Queue 0
[2023.06.02-07.37.06:366][  0]LogD3D12RHI: Display: Not using pipeline state disk cache per r.D3D12.PSO.DiskCache=0
[2023.06.02-07.37.06:366][  0]LogD3D12RHI: Display: Not using driver-optimized pipeline state disk cache per r.D3D12.PSO.DriverOptimizedDiskCache=0
[2023.06.02-07.37.06:406][  0]LogD3D12RHI:     GPU DeviceId: 0x2560 (for the marketing name, search the web for "GPU Device Id")
[2023.06.02-07.37.06:406][  0]LogWindows: EnumDisplayDevices:
[2023.06.02-07.37.06:407][  0]LogWindows:    0. 'AMD Radeon(TM) Graphics' (P:1 D:1)
[2023.06.02-07.37.06:407][  0]LogWindows:    1. 'AMD Radeon(TM) Graphics' (P:0 D:0)
[2023.06.02-07.37.06:407][  0]LogWindows:    2. 'NVIDIA GeForce RTX 3060 Laptop GPU' (P:0 D:0)
[2023.06.02-07.37.06:408][  0]LogWindows:    3. 'NVIDIA GeForce RTX 3060 Laptop GPU' (P:0 D:0)
[2023.06.02-07.37.06:408][  0]LogWindows:    4. 'NVIDIA GeForce RTX 3060 Laptop GPU' (P:0 D:0)
[2023.06.02-07.37.06:408][  0]LogWindows:    5. 'NVIDIA GeForce RTX 3060 Laptop GPU' (P:0 D:0)
[2023.06.02-07.37.06:408][  0]LogWindows: DebugString: PrimaryIsNotTheChoosenAdapter PrimaryIsNotTheChoosenAdapter FoundDriverCount:4 
[2023.06.02-07.37.06:408][  0]LogD3D12RHI:     Adapter Name: NVIDIA GeForce RTX 3060 Laptop GPU
[2023.06.02-07.37.06:408][  0]LogD3D12RHI:   Driver Version: 527.99 (internal:31.0.15.2799, unified:527.99)
[2023.06.02-07.37.06:408][  0]LogD3D12RHI:      Driver Date: 12-21-2022
[2023.06.02-07.37.06:408][  0]LogRHI: Texture pool is 3301 MB (70% of 4716 MB)
[2023.06.02-07.37.06:408][  0]LogD3D12RHI: Async texture creation enabled
[2023.06.02-07.37.06:408][  0]LogD3D12RHI: RHI has support for 64 bit atomics
[2023.06.02-07.37.06:421][  0]LogRHI: GeForceNow SDK initialized: 0
[2023.06.02-07.37.06:773][  0]LogTargetPlatformManager: Display: Loaded TargetPlatform 'AllDesktop'
[2023.06.02-07.37.06:799][  0]LogTargetPlatformManager: Display: Loaded TargetPlatform 'Android'
[2023.06.02-07.37.06:799][  0]LogTargetPlatformManager: Display: Loaded TargetPlatform 'Android_ASTC'
[2023.06.02-07.37.06:799][  0]LogTargetPlatformManager: Display: Loaded TargetPlatform 'Android_DXT'
[2023.06.02-07.37.06:799][  0]LogTargetPlatformManager: Display: Loaded TargetPlatform 'Android_ETC2'
[2023.06.02-07.37.06:799][  0]LogTargetPlatformManager: Display: Loaded TargetPlatform 'AndroidClient'
[2023.06.02-07.37.06:799][  0]LogTargetPlatformManager: Display: Loaded TargetPlatform 'Android_ASTCClient'
[2023.06.02-07.37.06:799][  0]LogTargetPlatformManager: Display: Loaded TargetPlatform 'Android_DXTClient'
[2023.06.02-07.37.06:799][  0]LogTargetPlatformManager: Display: Loaded TargetPlatform 'Android_ETC2Client'
[2023.06.02-07.37.06:799][  0]LogTargetPlatformManager: Display: Loaded TargetPlatform 'Android_Multi'
[2023.06.02-07.37.06:799][  0]LogTargetPlatformManager: Display: Loaded TargetPlatform 'Android_MultiClient'
[2023.06.02-07.37.06:824][  0]LogTargetPlatformManager: Display: Loaded TargetPlatform 'IOSClient'
[2023.06.02-07.37.06:824][  0]LogTargetPlatformManager: Display: Loaded TargetPlatform 'IOS'
[2023.06.02-07.37.06:838][  0]LogTargetPlatformManager: Display: Loaded TargetPlatform 'Linux'
[2023.06.02-07.37.06:847][  0]LogTargetPlatformManager: Display: Loaded TargetPlatform 'LinuxNoEditor'
[2023.06.02-07.37.06:854][  0]LogTargetPlatformManager: Display: Loaded TargetPlatform 'LinuxClient'
[2023.06.02-07.37.06:862][  0]LogTargetPlatformManager: Display: Loaded TargetPlatform 'LinuxServer'
[2023.06.02-07.37.06:879][  0]LogTargetPlatformManager: Display: Loaded TargetPlatform 'LinuxAArch64NoEditor'
[2023.06.02-07.37.06:889][  0]LogTargetPlatformManager: Display: Loaded TargetPlatform 'LinuxAArch64Client'
[2023.06.02-07.37.06:898][  0]LogTargetPlatformManager: Display: Loaded TargetPlatform 'LinuxAArch64Server'
[2023.06.02-07.37.06:940][  0]LogTargetPlatformManager: Display: Loaded TargetPlatform 'Lumin'
[2023.06.02-07.37.06:940][  0]LogTargetPlatformManager: Display: Loaded TargetPlatform 'LuminClient'
[2023.06.02-07.37.06:956][  0]LogTargetPlatformManager: Display: Loaded TargetPlatform 'MacNoEditor'
[2023.06.02-07.37.06:966][  0]LogTargetPlatformManager: Display: Loaded TargetPlatform 'Mac'
[2023.06.02-07.37.06:974][  0]LogTargetPlatformManager: Display: Loaded TargetPlatform 'MacClient'
[2023.06.02-07.37.06:987][  0]LogTargetPlatformManager: Display: Loaded TargetPlatform 'MacServer'
[2023.06.02-07.37.07:006][  0]LogTargetPlatformManager: Display: Loaded TargetPlatform 'TVOSClient'
[2023.06.02-07.37.07:006][  0]LogTargetPlatformManager: Display: Loaded TargetPlatform 'TVOS'
[2023.06.02-07.37.07:023][  0]LogTargetPlatformManager: Display: Loaded TargetPlatform 'WindowsNoEditor'
[2023.06.02-07.37.07:032][  0]LogTargetPlatformManager: Display: Loaded TargetPlatform 'Windows'
[2023.06.02-07.37.07:042][  0]LogTargetPlatformManager: Display: Loaded TargetPlatform 'WindowsClient'
[2023.06.02-07.37.07:051][  0]LogTargetPlatformManager: Display: Loaded TargetPlatform 'WindowsServer'
[2023.06.02-07.37.07:051][  0]LogTargetPlatformManager: Display: Building Assets For Windows
[2023.06.02-07.37.07:067][  0]LogAudioDebug: Display: Lib vorbis DLL was dynamically loaded.
[2023.06.02-07.37.07:129][  0]LogTextureFormatOodle: Display: Oodle Texture 2.9.0 init RDO Off
[2023.06.02-07.37.07:190][  0]LogRendererCore: Ray tracing is enabled for the editor. Reason: r.RayTracing=1.
[2023.06.02-07.37.07:190][  0]LogShaderCompilers: Guid format shader working directory is -40 characters bigger than the processId version (../../../../../../../Users/afk05/school/unity projects/ProjectVrij-Git/Vrij2_BlockOut/Intermediate/Shaders/WorkingDirectory/17092/).
[2023.06.02-07.37.07:191][  0]LogShaderCompilers: Cleaned the shader compiler working directory 'C:/Users/afk05/AppData/Local/Temp/UnrealShaderWorkingDir/BB7EB37B43D551B266A9B1BC82015565/'.
[2023.06.02-07.37.07:191][  0]LogXGEController: Cannot use XGE Controller as Incredibuild is not installed on this machine.
[2023.06.02-07.37.07:191][  0]LogShaderCompilers: Cannot use XGE Shader Compiler as Incredibuild is not installed on this machine.
[2023.06.02-07.37.07:191][  0]LogShaderCompilers: Display: Using Local Shader Compiler.
[2023.06.02-07.37.08:030][  0]LogDerivedDataCache: Display: Max Cache Size: 512 MB
[2023.06.02-07.37.08:097][  0]LogDerivedDataCache: Loaded boot cache 0.07s 132MB C:/Users/afk05/AppData/Local/UnrealEngine/4.27/DerivedDataCache/Boot.ddc.
[2023.06.02-07.37.08:097][  0]LogDerivedDataCache: Display: Loaded Boot cache: C:/Users/afk05/AppData/Local/UnrealEngine/4.27/DerivedDataCache/Boot.ddc
[2023.06.02-07.37.08:097][  0]LogDerivedDataCache: FDerivedDataBackendGraph:  Pak pak cache file ../../../../../../../Users/afk05/school/unity projects/ProjectVrij-Git/Vrij2_BlockOut/DerivedDataCache/DDC.ddp not found, will not use a pak cache.
[2023.06.02-07.37.08:097][  0]LogDerivedDataCache: Unable to find inner node Pak for hierarchical cache Hierarchy.
[2023.06.02-07.37.08:097][  0]LogDerivedDataCache: FDerivedDataBackendGraph:  CompressedPak pak cache file ../../../../../../../Users/afk05/school/unity projects/ProjectVrij-Git/Vrij2_BlockOut/DerivedDataCache/Compressed.ddp not found, will not use a pak cache.
[2023.06.02-07.37.08:097][  0]LogDerivedDataCache: Unable to find inner node CompressedPak for hierarchical cache Hierarchy.
[2023.06.02-07.37.08:118][  0]LogDerivedDataCache: Display: Pak cache opened for reading ../../../Engine/DerivedDataCache/Compressed.ddp.
[2023.06.02-07.37.08:118][  0]LogDerivedDataCache: FDerivedDataBackendGraph:  EnterprisePak pak cache file ../../../Enterprise/DerivedDataCache/Compressed.ddp not found, will not use a pak cache.
[2023.06.02-07.37.08:118][  0]LogDerivedDataCache: Unable to find inner node EnterprisePak for hierarchical cache Hierarchy.
[2023.06.02-07.37.08:131][  0]LogDerivedDataCache: Speed tests for C:/Users/afk05/AppData/Local/UnrealEngine/Common/DerivedDataCache took 0.01 seconds
[2023.06.02-07.37.08:131][  0]LogDerivedDataCache: Display: Performance to C:/Users/afk05/AppData/Local/UnrealEngine/Common/DerivedDataCache: Latency=0.04ms. RandomReadSpeed=361.96MBs, RandomWriteSpeed=95.00MBs. Assigned SpeedClass 'Local'
[2023.06.02-07.37.08:133][  0]LogDerivedDataCache: Using Local data cache path C:/Users/afk05/AppData/Local/UnrealEngine/Common/DerivedDataCache: Writable
[2023.06.02-07.37.08:133][  0]LogDerivedDataCache: Shared data cache path not found in *engine.ini, will not use an Shared cache.
[2023.06.02-07.37.08:133][  0]LogDerivedDataCache: Unable to find inner node Shared for hierarchical cache Hierarchy.
[2023.06.02-07.37.08:197][  0]LogSlate: Using FreeType 2.10.0
[2023.06.02-07.37.08:198][  0]LogSlate: SlateFontServices - WITH_FREETYPE: 1, WITH_HARFBUZZ: 1
[2023.06.02-07.37.08:233][  0]LogAssetRegistry: FAssetRegistry took 0.0032 seconds to start up
[2023.06.02-07.37.08:478][  0]LogInit: Selected Device Profile: [Windows]
[2023.06.02-07.37.08:478][  0]LogInit: Active device profile: [00000179499A4F00][000001794953F4C0 49] Windows
[2023.06.02-07.37.08:478][  0]LogInit: Profiles: [00000179499A4F00][000001794953F4C0 49] Windows, [00000179499A2400][0000017949547780 49] WindowsNoEditor, [00000179499A5F00][000001794954BA40 49] WindowsServer, [00000179499A1600][000001794954E180 49] WindowsClient, [00000179499A5000][0000017949552440 49] IOS, [00000179499A3A00][0000017949556700 49] iPadAir, [00000179499A7300][0000017949542980 49] iPadAir2, [0000017949939300][000001794956EE80 49] IPadPro, [0000017949939400][000001794955AEC0 49] iPadAir3, [00000179499A0B00][0000017949567180 49] iPadAir4, [000001794993A100][0000017949563440 49] iPadMini2, [00000179499A3400][000001794956B700 49] iPadMini3, [000001794993AC00][00000179495739C0 49] iPadMini4, [00000179499A2700][0000017949576100 49] iPadMini5, [0000017949950D00][000001794958A640 49] iPhone6, [0000017949950E00][000001794957A680 49] iPodTouch6, [00000179499A6900][000001794958EB80 49] iPhone7, [00000179499A6A00][0000017949582BC0 49] iPodTouch7, [0000017949939800][000001794955EE40 49] iPhone5S, [00000179499A5300][000001794957F100 49] iPhone6Plus, [00000179499A7900][00000179495933C0 49] iPhone6S, [0000017949951200][0000017949597680 49] iPhone6SPlus, [00000179499A4B00][000001794959B940 49] iPhone7Plus, [0000017949951500][000001794959FC00 49] iPhoneSE, [00000179499A4A00][00000179495A2340 49] iPhone8, [0000017949951100][00000179495A6600 49] iPhone8Plus, [000001794993AB00][00000179495AA8C0 49] iPhoneX, [0000017949950C00][00000179495AEB80 49] iPhoneXS, [000001794993BA00][0000017949586E00 49] iPhoneXSMax, [0000017949953700][00000179495B70C0 49] iPhoneXR, [0000017949938D00][00000179495BB380 49] iPhone11, [0000017949952500][00000179495BF640 49] iPhone11Pro, [000001794993A900][00000179495C3900 49] iPhone11ProMax, [0000017949950200][00000179495C7BC0 49] iPhoneSE2, [0000017949938B00][00000179495CA300 49] iPhone12Mini, [0000017949952900][00000179495CE5C0 49] iPhone12, [000001794993AE00][00000179495D2880 49] iPhone12Pro, [0000017949950A00][00000179495D6B40 49] iPhone12ProMax, [000001794993B200][00000179495B2DC0 49] iPadPro105, [0000017949953500][00000179495DB040 49] iPadPro129, [000001794993A000][00000179495E3300 49] iPadPro97, [0000017949951F00][00000179495E75C0 49] iPadPro2_129, [000001794993A400][00000179495EB880 49] iPad5, [0000017949951300][00000179495EFB40 49] iPad6, [0000017949938C00][00000179495F2280 49] iPad7, [0000017949951600][00000179495F6540 49] iPad8, [000001794993BC00][00000179495FA800 49] iPadPro11, [0000017949951700][00000179495FEAC0 49] iPadPro2_11, [0000017949938600][0000017949602D80 49] iPadPro3_129, [0000017949953F00][00000179495DF000 49] iPadPro4_129, [000001794993B100][0000017949607280 49] AppleTV, [0000017949950800][000001794960F540 49] AppleTV4K, [0000017949938500][0000017949613800 49] TVOS, [0000017949950500][0000017949617AC0 49] Mac, [0000017949938700][000001794961A200 49] MacClient, [0000017949951400][000001794961E4C0 49] MacNoEditor, [0000017949939500][0000017949622780 49] MacServer, [0000017949952D00][0000017949626A40 49] Linux, [0000017949938400][000001794962AD00 49] LinuxAArch64, [0000017949951D00][000001794A640FC0 49] LinuxNoEditor, [0000017949939C00][000001794960B240 49] LinuxAArch64NoEditor, [0000017949952800][000001794A6454C0 49] LinuxClient, [000001794993AD00][000001794A64D780 49] LinuxAArch64Client, [0000017949950100][000001794A651A40 49] LinuxServer, [0000017949939E00][000001794A654180 49] LinuxAArch64Server, [0000017949950B00][000001794A658440 49] Android, [0000017949939A00][000001794A65C700 49] Android_Low, [0000017949952E00][000001794A6609C0 49] Android_Mid, [0000017949939000][000001794A664C80 49] Android_High, [0000017949952F00][000001794A668F40 49] Android_Default, [0000017949939700][000001794A66D200 49] Android_Adreno4xx, [0000017949951800][000001794A649480 49] Android_Adreno5xx_Low, [0000017949938A00][000001794A671700 49] Android_Adreno5xx, [0000017949953300][000001794A6799C0 49] Android_Adreno6xx, [0000017949938E00][000001794A67C100 49] Android_Adreno6xx_Vulkan, [0000017949953000][000001794A6803C0 49] Android_Mali_T6xx, [00000179499A4100][000001794A684680 49] Android_Mali_T7xx, [00000179499A0800][000001794A688940 49] Android_Mali_T8xx, [00000179499A5200][000001794A68CC00 49] Android_Mali_G71, [00000179499A0E00][000001794A690EC0 49] Android_Mali_G72, [00000179499A5100][000001794A695180 49] Android_Mali_G72_Vulkan, [00000179499A2500][000001794A699440 49] Android_Mali_G76, [00000179499A5500][000001794A6756C0 49] Android_Mali_G76_Vulkan, [00000179499A2000][000001794A69D940 49] Android_Mali_G77, [00000179499A7F00][000001794A6A5C00 49] Android_Mali_G77_Vulkan, [00000179499A1D00][000001794A6A8340 49] Android_Mali_G78, [00000179499A4300][000001794A6AC600 49] Android_Mali_G78_Vulkan, [00000179499A0400][000001794A6B08C0 49] Android_Mali_G710, [00000179499A6800][000001794A6B4B80 49] Android_Mali_G710_Vulkan, [00000179499A3100][000001794A6B8E40 49] Android_Vulkan_SM5, [00000179499A7100][000001794A6BD100 49] Android_PowerVR_G6xxx, [00000179499A0A00][000001794A6C13C0 49] Android_PowerVR_GT7xxx, [00000179499A4D00][000001794A6C5680 49] Android_PowerVR_GE8xxx, [00000179499A3B00][000001794A6A1900 49] Android_PowerVR_GM9xxx, [00000179499A7A00][000001794A74FB80 49] Android_PowerVR_GM9xxx_Vulkan, [00000179499A1200][000001794A75A2C0 49] Android_TegraK1, [00000179499A7000][00000179446EA580 49] Android_Unknown_Vulkan, [00000179499A3000][00000179446F6840 49] Lumin, [00000179499A6100][0000017944716B00 49] Lumin_Desktop, [00000179499A2E00][0000017944458DC0 49] HoloLens, 
[2023.06.02-07.37.08:662][  0]LogMeshReduction: Using QuadricMeshReduction for automatic static mesh reduction
[2023.06.02-07.37.08:662][  0]LogMeshReduction: Using SimplygonMeshReduction for automatic skeletal mesh reduction
[2023.06.02-07.37.08:662][  0]LogMeshReduction: Using ProxyLODMeshReduction for automatic mesh merging
[2023.06.02-07.37.08:662][  0]LogMeshReduction: No distributed automatic mesh merging module available
[2023.06.02-07.37.08:662][  0]LogMeshMerging: No distributed automatic mesh merging module available
[2023.06.02-07.37.08:910][  0]LogNetVersion: Vrij2_BlockOut 1.0.0, NetCL: 17155196, EngineNetVer: 17, GameNetVer: 0 (Checksum: 188659791)
[2023.06.02-07.37.09:351][  0]LogTexture: Default maximum texture size for cubemaps generated from long-lat sources has been changed from 512 to unlimited. In order to preserve old behaiour for '/Engine/MapTemplates/Sky/DaylightAmbientCubemap.DaylightAmbientCubemap', its maximum texture size has been explicitly set to 512.
[2023.06.02-07.37.09:406][  0]LogHMD: PokeAHoleMaterial loaded successfully
[2023.06.02-07.37.09:411][  0]LogUObjectArray: 17178 objects as part of root set at end of initial load.
[2023.06.02-07.37.09:412][  0]LogUObjectAllocator: 4302048 out of 0 bytes used by permanent object pool.
[2023.06.02-07.37.09:412][  0]LogUObjectArray: CloseDisregardForGC: 0/0 objects in disregard for GC pool
[2023.06.02-07.37.09:625][  0]LogD3D12RHI: Creating RTPSO with 3 shaders (0 cached, 3 new) took 51.26 ms. Compile time 9.54 ms, link time 41.68 ms.
[2023.06.02-07.37.09:644][  0]LogD3D12RHI: Creating RTPSO with 3 shaders (1 cached, 2 new) took 19.57 ms. Compile time 2.09 ms, link time 17.45 ms.
[2023.06.02-07.37.09:850][  0]LogNiagaraDebuggerClient: Niagara Debugger Client Initialized | Session: 74D023A8431F42FDF99BDA849B3538AF | Instance: ADFB357741A85AE2988363B616556BC0 (LAPTOP_DRE-17092).
[2023.06.02-07.37.10:038][  0]LogPython: Using Python 3.7.7
[2023.06.02-07.37.10:566][  0]LogTcpMessaging: Initializing TcpMessaging bridge
[2023.06.02-07.37.10:575][  0]LogUdpMessaging: Initializing bridge on interface 0.0.0.0:0 to multicast group 230.0.0.1:6666.
[2023.06.02-07.37.10:743][  0]SourceControl: Source control is disabled
[2023.06.02-07.37.10:743][  0]SourceControl: Source control is disabled
[2023.06.02-07.37.10:754][  0]SourceControl: Source control is disabled
[2023.06.02-07.37.10:759][  0]SourceControl: Source control is disabled
[2023.06.02-07.37.10:773][  0]SourceControl: Source control is disabled
[2023.06.02-07.37.10:778][  0]LogUProjectInfo: Found projects:
[2023.06.02-07.37.11:100][  0]LogOpenImageDenoise: OIDN starting up
[2023.06.02-07.37.11:106][  0]LogAndroidPermission: UAndroidPermissionCallbackProxy::GetInstance
[2023.06.02-07.37.11:145][  0]LogAudioCaptureCore: Display: No Audio Capture implementations found. Audio input will be silent.
[2023.06.02-07.37.11:145][  0]LogAudioCaptureCore: Display: No Audio Capture implementations found. Audio input will be silent.
[2023.06.02-07.37.11:399][  0]LogCollectionManager: Loaded 0 collections in 0.001801 seconds
[2023.06.02-07.37.11:432][  0]LogFileCache: Scanning file cache for directory 'C:/Users/afk05/school/unity projects/ProjectVrij-Git/Vrij2_BlockOut/Saved/Collections/' took 0.00s
[2023.06.02-07.37.11:432][  0]LogFileCache: Scanning file cache for directory 'C:/Users/afk05/school/unity projects/ProjectVrij-Git/Vrij2_BlockOut/Content/Developers/afk05/Collections/' took 0.00s
[2023.06.02-07.37.11:432][  0]LogFileCache: Scanning file cache for directory 'C:/Users/afk05/school/unity projects/ProjectVrij-Git/Vrij2_BlockOut/Content/Collections/' took 0.00s
[2023.06.02-07.37.11:432][  0]LogOcInput: OculusInput pre-init called
[2023.06.02-07.37.11:710][  0]LogEngine: Initializing Engine...
[2023.06.02-07.37.11:714][  0]LogHMD: Failed to enumerate extensions. Please check that you have a valid OpenXR runtime installed.
[2023.06.02-07.37.11:714][  0]LogHMD: Failed to initialize OpenVR with code 110
[2023.06.02-07.37.11:714][  0]LogMagicLeap: Warning: VR disabled because ZI is not enabled.  To enable, in the editor, Edit -> Project Settings -> Plugins -> Magic Leap Plugin -> Enable Zero Iteration
[2023.06.02-07.37.11:715][  0]LogStats: UGameplayTagsManager::InitializeManager -  0.000 s
[2023.06.02-07.37.11:869][  0]LogInit: Initializing FReadOnlyCVARCache
[2023.06.02-07.37.11:880][  0]LogAIModule: Creating AISystem for world Untitled
[2023.06.02-07.37.11:881][  0]LogAudio: Display: Initializing Audio Device Manager...
[2023.06.02-07.37.11:886][  0]LogAudio: Display: Loading Default Audio Settings Objects...
[2023.06.02-07.37.11:887][  0]LogAudio: Display: No default SoundConcurrencyObject specified (or failed to load).
[2023.06.02-07.37.11:887][  0]LogAudio: Display: Audio Device Manager Initialized
[2023.06.02-07.37.11:887][  0]LogAudio: Display: Creating Audio Device:                 Id: 1, Scope: Shared, Realtime: True
[2023.06.02-07.37.11:887][  0]LogAudioMixer: Display: Audio Mixer Platform Settings:
[2023.06.02-07.37.11:887][  0]LogAudioMixer: Display: 	Sample Rate:						  48000
[2023.06.02-07.37.11:887][  0]LogAudioMixer: Display: 	Callback Buffer Frame Size Requested: 1024
[2023.06.02-07.37.11:887][  0]LogAudioMixer: Display: 	Callback Buffer Frame Size To Use:	  1024
[2023.06.02-07.37.11:887][  0]LogAudioMixer: Display: 	Number of buffers to queue:			  2
[2023.06.02-07.37.11:887][  0]LogAudioMixer: Display: 	Max Channels (voices):				  32
[2023.06.02-07.37.11:887][  0]LogAudioMixer: Display: 	Number of Async Source Workers:		  0
[2023.06.02-07.37.11:887][  0]LogAudio: Display: AudioDevice MaxSources: 32
[2023.06.02-07.37.11:887][  0]LogAudio: Display: Audio Spatialization Plugin: None (built-in).
[2023.06.02-07.37.11:887][  0]LogAudio: Display: Audio Reverb Plugin: None (built-in).
[2023.06.02-07.37.11:889][  0]LogAudio: Display: Audio Occlusion Plugin: None (built-in).
[2023.06.02-07.37.11:889][  0]LogAudioMixer: Display: Initializing audio mixer.
[2023.06.02-07.37.11:951][  0]LogAudioMixer: Display: 0: FrontLeft
[2023.06.02-07.37.11:951][  0]LogAudioMixer: Display: 1: FrontRight
[2023.06.02-07.37.12:477][  0]LogAudioMixer: Display: Using Audio Device Speakers (Realtek(R) Audio)
[2023.06.02-07.37.12:479][  0]LogAudioMixer: Display: Initializing Sound Submixes...
[2023.06.02-07.37.12:484][  0]LogAudioMixer: Display: Creating Master Submix 'MasterSubmixDefault'
[2023.06.02-07.37.12:484][  0]LogAudioMixer: Display: Creating Master Submix 'MasterReverbSubmixDefault'
[2023.06.02-07.37.12:485][  0]LogAudioMixer: Display: Creating Master Submix 'MasterEQSubmixDefault'
[2023.06.02-07.37.12:485][  0]LogAudioMixer: FMixerPlatformXAudio2::StartAudioStream() called
[2023.06.02-07.37.12:485][  0]LogAudioMixer: Display: Output buffers initialized: Frames=1024, Channels=2, Samples=2048
[2023.06.02-07.37.12:486][  0]LogAudioMixer: Display: Starting AudioMixerPlatformInterface::RunInternal()
[2023.06.02-07.37.12:486][  0]LogAudioMixer: Display: FMixerPlatformXAudio2::SubmitBuffer() called for the first time
[2023.06.02-07.37.12:486][  0]LogInit: FAudioDevice initialized.
[2023.06.02-07.37.12:486][  0]LogAudio: Display: Audio Device (ID: 1) registered with world 'Untitled'.
[2023.06.02-07.37.12:486][  0]LogNetVersion: Set ProjectVersion to 1.0.0.0. Version Checksum will be recalculated on next use.
[2023.06.02-07.37.12:557][  0]LogDerivedDataCache: Saved boot cache 0.07s 132MB C:/Users/afk05/AppData/Local/UnrealEngine/4.27/DerivedDataCache/Boot.ddc.
[2023.06.02-07.37.12:560][  0]LogInit: Texture streaming: Enabled
[2023.06.02-07.37.12:578][  0]LogAnalytics: Display: [UEEditor.Rocket.Release] APIServer = https://datarouter.ol.epicgames.com/. AppVersion = 4.27.2-18319896+++UE4+Release-4.27
[2023.06.02-07.37.12:585][  0]LogEngineSessionManager: EngineSessionManager initialized
[2023.06.02-07.37.12:585][  0]LogEditorSessionSummary: Verbose: Initializing EditorSessionSummaryWriter for editor session tracking
[2023.06.02-07.37.12:591][  0]LogEditorSessionSummary: EditorSessionSummaryWriter initialized
[2023.06.02-07.37.12:636][  0]LogInit: Transaction tracking system initialized
[2023.06.02-07.37.12:668][  0]BlueprintLog: New page: Editor Load
[2023.06.02-07.37.12:758][  0]LocalizationService: Localization service is disabled
[2023.06.02-07.37.12:794][  0]TimingProfiler: Initialize
[2023.06.02-07.37.12:794][  0]TimingProfiler: OnSessionChanged
[2023.06.02-07.37.12:794][  0]LoadingProfiler: Initialize
[2023.06.02-07.37.12:794][  0]LoadingProfiler: OnSessionChanged
[2023.06.02-07.37.12:794][  0]NetworkingProfiler: Initialize
[2023.06.02-07.37.12:794][  0]NetworkingProfiler: OnSessionChanged
[2023.06.02-07.37.12:794][  0]MemoryProfiler: Initialize
[2023.06.02-07.37.12:794][  0]MemoryProfiler: OnSessionChanged
[2023.06.02-07.37.12:993][  0]LogCook: Display: CookSettings for Memory: MemoryMaxUsedVirtual 0MiB, MemoryMaxUsedPhysical 16384MiB, MemoryMinFreeVirtual 0MiB, MemoryMinFreePhysical 1024MiB
[2023.06.02-07.37.12:994][  0]LogCook: Display: Mobile HDR setting 1
[2023.06.02-07.37.13:003][  0]LogFileCache: Scanning file cache for directory 'C:/Users/afk05/school/unity projects/ProjectVrij-Git/Vrij2_BlockOut/Content/' took 0.01s
[2023.06.02-07.37.13:003][  0]LogUObjectGlobals: Warning: Failed to find object 'StaticMesh /Engine/BasicShapes/Cube.Cube'
[2023.06.02-07.37.13:506][  0]LogInit: Display: Engine is initialized. Leaving FEngineLoop::Init()
[2023.06.02-07.37.13:512][  0]SourceControl: Source control is disabled
[2023.06.02-07.37.13:512][  0]LogUnrealEdMisc: Loading editor; pre map load, took 10.063
[2023.06.02-07.37.13:512][  0]Cmd: MAP LOAD FILE="../../../../../../../Users/afk05/school/unity projects/ProjectVrij-Git/Vrij2_BlockOut/Content/ThirdPersonBP/Maps/ThirdPersonExampleMap.umap" TEMPLATE=0 SHOWPROGRESS=1 FEATURELEVEL=3
[2023.06.02-07.37.13:513][  0]LightingResults: New page: Lighting Build
[2023.06.02-07.37.13:515][  0]LogWorld: UWorld::CleanupWorld for Untitled, bSessionEnded=true, bCleanupResources=true
[2023.06.02-07.37.13:515][  0]LogSlate: InvalidateAllWidgets triggered.  All widgets were invalidated
[2023.06.02-07.37.13:515][  0]MapCheck: New page: Map Check
[2023.06.02-07.37.13:515][  0]LightingResults: New page: Lighting Build
[2023.06.02-07.37.13:529][  0]LogAudio: Display: Audio Device unregistered from world 'None'.
[2023.06.02-07.37.13:533][  0]LogUObjectHash: Compacting FUObjectHashTables data took   1.15ms
[2023.06.02-07.37.13:937][  0]LogAudio: Display: Audio Device (ID: 1) registered with world 'ThirdPersonExampleMap'.
[2023.06.02-07.37.13:938][  0]LogAIModule: Creating AISystem for world ThirdPersonExampleMap
[2023.06.02-07.37.13:947][  0]LogEditorServer: Finished looking for orphan Actors (0.000 secs)
[2023.06.02-07.37.13:974][  0]LogUObjectHash: Compacting FUObjectHashTables data took   1.18ms
[2023.06.02-07.37.13:974][  0]Cmd: MAP CHECKDEP NOCLEARLOG
[2023.06.02-07.37.13:975][  0]MapCheck: Map check complete: 0 Error(s), 0 Warning(s), took 0.243ms to complete.
[2023.06.02-07.37.13:975][  0]LogFileHelpers: Loading map 'ThirdPersonExampleMap' took 0.463
[2023.06.02-07.37.13:977][  0]LogUnrealEdMisc: Total Editor Startup Time, took 10.529
[2023.06.02-07.37.14:108][  0]LogSlate: Updating window title bar state: overlay mode, drag disabled, window buttons hidden, title bar hidden
[2023.06.02-07.37.14:116][  0]LogSlate: Updating window title bar state: overlay mode, drag disabled, window buttons hidden, title bar hidden
[2023.06.02-07.37.14:124][  0]LogSlate: Updating window title bar state: overlay mode, drag disabled, window buttons hidden, title bar hidden
[2023.06.02-07.37.14:133][  0]LogSlate: Updating window title bar state: overlay mode, drag disabled, window buttons hidden, title bar hidden
[2023.06.02-07.37.14:153][  0]LogNativeClassHierarchy: Verbose: Native class hierarchy populated in 0.0124 seconds. Added 3822 classes and 928 folders.
[2023.06.02-07.37.14:156][  0]LogNativeClassHierarchy: Verbose: Native class hierarchy updated for 'WidgetCarousel' in 0.0003 seconds. Added 0 classes and 0 folders.
[2023.06.02-07.37.14:159][  0]LogPakFile: PakFile PrimaryIndexSize=187
[2023.06.02-07.37.14:159][  0]LogPakFile: PakFile PathHashIndexSize=101
[2023.06.02-07.37.14:159][  0]LogPakFile: PakFile FullDirectoryIndexSize=148
[2023.06.02-07.37.14:159][  0]LogShaderLibrary: Display: ShaderCodeLibraryPakFileMountedCallback: PakFile 'C:/Program Files/Epic Games/unreal engine/UE_4.27/FeaturePacks/FP_FirstPerson.upack' (chunk index -1, root 'root:/') mounted
[2023.06.02-07.37.14:159][  0]LogShaderLibrary: Display: ShaderCodeLibraryPakFileMountedCallback: pending pak file info (ChunkID:-1 Root:root:/ File:C:/Program Files/Epic Games/unreal engine/UE_4.27/FeaturePacks/FP_FirstPerson.upack)
[2023.06.02-07.37.14:159][  0]LogPakFile: OnPakFileMounted2Time == 0.000068
[2023.06.02-07.37.14:160][  0]LogPakFile: PakFile PrimaryIndexSize=189
[2023.06.02-07.37.14:160][  0]LogPakFile: PakFile PathHashIndexSize=101
[2023.06.02-07.37.14:160][  0]LogPakFile: PakFile FullDirectoryIndexSize=152
[2023.06.02-07.37.14:160][  0]LogShaderLibrary: Display: ShaderCodeLibraryPakFileMountedCallback: PakFile 'C:/Program Files/Epic Games/unreal engine/UE_4.27/FeaturePacks/FP_FirstPersonBP.upack' (chunk index -1, root 'root:/') mounted
[2023.06.02-07.37.14:160][  0]LogShaderLibrary: Display: ShaderCodeLibraryPakFileMountedCallback: pending pak file info (ChunkID:-1 Root:root:/ File:C:/Program Files/Epic Games/unreal engine/UE_4.27/FeaturePacks/FP_FirstPersonBP.upack)
[2023.06.02-07.37.14:160][  0]LogPakFile: OnPakFileMounted2Time == 0.000045
[2023.06.02-07.37.14:161][  0]LogPakFile: PakFile PrimaryIndexSize=191
[2023.06.02-07.37.14:161][  0]LogPakFile: PakFile PathHashIndexSize=101
[2023.06.02-07.37.14:161][  0]LogPakFile: PakFile FullDirectoryIndexSize=160
[2023.06.02-07.37.14:161][  0]LogShaderLibrary: Display: ShaderCodeLibraryPakFileMountedCallback: PakFile 'C:/Program Files/Epic Games/unreal engine/UE_4.27/FeaturePacks/MobileStarterContent.upack' (chunk index -1, root 'root:/') mounted
[2023.06.02-07.37.14:161][  0]LogShaderLibrary: Display: ShaderCodeLibraryPakFileMountedCallback: pending pak file info (ChunkID:-1 Root:root:/ File:C:/Program Files/Epic Games/unreal engine/UE_4.27/FeaturePacks/MobileStarterContent.upack)
[2023.06.02-07.37.14:161][  0]LogPakFile: OnPakFileMounted2Time == 0.000040
[2023.06.02-07.37.14:163][  0]LogPakFile: PakFile PrimaryIndexSize=185
[2023.06.02-07.37.14:163][  0]LogPakFile: PakFile PathHashIndexSize=101
[2023.06.02-07.37.14:163][  0]LogPakFile: PakFile FullDirectoryIndexSize=148
[2023.06.02-07.37.14:163][  0]LogShaderLibrary: Display: ShaderCodeLibraryPakFileMountedCallback: PakFile 'C:/Program Files/Epic Games/unreal engine/UE_4.27/FeaturePacks/StarterContent.upack' (chunk index -1, root 'root:/') mounted
[2023.06.02-07.37.14:163][  0]LogShaderLibrary: Display: ShaderCodeLibraryPakFileMountedCallback: pending pak file info (ChunkID:-1 Root:root:/ File:C:/Program Files/Epic Games/unreal engine/UE_4.27/FeaturePacks/StarterContent.upack)
[2023.06.02-07.37.14:163][  0]LogPakFile: OnPakFileMounted2Time == 0.000063
[2023.06.02-07.37.14:164][  0]LogPakFile: PakFile PrimaryIndexSize=190
[2023.06.02-07.37.14:164][  0]LogPakFile: PakFile PathHashIndexSize=101
[2023.06.02-07.37.14:164][  0]LogPakFile: PakFile FullDirectoryIndexSize=154
[2023.06.02-07.37.14:164][  0]LogShaderLibrary: Display: ShaderCodeLibraryPakFileMountedCallback: PakFile 'C:/Program Files/Epic Games/unreal engine/UE_4.27/FeaturePacks/TP_2DSideScroller.upack' (chunk index -1, root 'root:/') mounted
[2023.06.02-07.37.14:164][  0]LogShaderLibrary: Display: ShaderCodeLibraryPakFileMountedCallback: pending pak file info (ChunkID:-1 Root:root:/ File:C:/Program Files/Epic Games/unreal engine/UE_4.27/FeaturePacks/TP_2DSideScroller.upack)
[2023.06.02-07.37.14:164][  0]LogPakFile: OnPakFileMounted2Time == 0.000041
[2023.06.02-07.37.14:164][  0]LogPakFile: PakFile PrimaryIndexSize=192
[2023.06.02-07.37.14:164][  0]LogPakFile: PakFile PathHashIndexSize=101
[2023.06.02-07.37.14:164][  0]LogPakFile: PakFile FullDirectoryIndexSize=158
[2023.06.02-07.37.14:164][  0]LogShaderLibrary: Display: ShaderCodeLibraryPakFileMountedCallback: PakFile 'C:/Program Files/Epic Games/unreal engine/UE_4.27/FeaturePacks/TP_2DSideScrollerBP.upack' (chunk index -1, root 'root:/') mounted
[2023.06.02-07.37.14:164][  0]LogShaderLibrary: Display: ShaderCodeLibraryPakFileMountedCallback: pending pak file info (ChunkID:-1 Root:root:/ File:C:/Program Files/Epic Games/unreal engine/UE_4.27/FeaturePacks/TP_2DSideScrollerBP.upack)
[2023.06.02-07.37.14:164][  0]LogPakFile: OnPakFileMounted2Time == 0.000039
[2023.06.02-07.37.14:165][  0]LogPakFile: PakFile PrimaryIndexSize=182
[2023.06.02-07.37.14:165][  0]LogPakFile: PakFile PathHashIndexSize=101
[2023.06.02-07.37.14:165][  0]LogPakFile: PakFile FullDirectoryIndexSize=138
[2023.06.02-07.37.14:165][  0]LogShaderLibrary: Display: ShaderCodeLibraryPakFileMountedCallback: PakFile 'C:/Program Files/Epic Games/unreal engine/UE_4.27/FeaturePacks/TP_Flying.upack' (chunk index -1, root 'root:/') mounted
[2023.06.02-07.37.14:165][  0]LogShaderLibrary: Display: ShaderCodeLibraryPakFileMountedCallback: pending pak file info (ChunkID:-1 Root:root:/ File:C:/Program Files/Epic Games/unreal engine/UE_4.27/FeaturePacks/TP_Flying.upack)
[2023.06.02-07.37.14:165][  0]LogPakFile: OnPakFileMounted2Time == 0.000040
[2023.06.02-07.37.14:167][  0]LogPakFile: PakFile PrimaryIndexSize=184
[2023.06.02-07.37.14:167][  0]LogPakFile: PakFile PathHashIndexSize=101
[2023.06.02-07.37.14:167][  0]LogPakFile: PakFile FullDirectoryIndexSize=142
[2023.06.02-07.37.14:167][  0]LogShaderLibrary: Display: ShaderCodeLibraryPakFileMountedCallback: PakFile 'C:/Program Files/Epic Games/unreal engine/UE_4.27/FeaturePacks/TP_FlyingBP.upack' (chunk index -1, root 'root:/') mounted
[2023.06.02-07.37.14:167][  0]LogShaderLibrary: Display: ShaderCodeLibraryPakFileMountedCallback: pending pak file info (ChunkID:-1 Root:root:/ File:C:/Program Files/Epic Games/unreal engine/UE_4.27/FeaturePacks/TP_FlyingBP.upack)
[2023.06.02-07.37.14:168][  0]LogPakFile: OnPakFileMounted2Time == 0.000039
[2023.06.02-07.37.14:168][  0]LogPakFile: PakFile PrimaryIndexSize=188
[2023.06.02-07.37.14:168][  0]LogPakFile: PakFile PathHashIndexSize=101
[2023.06.02-07.37.14:168][  0]LogPakFile: PakFile FullDirectoryIndexSize=150
[2023.06.02-07.37.14:168][  0]LogShaderLibrary: Display: ShaderCodeLibraryPakFileMountedCallback: PakFile 'C:/Program Files/Epic Games/unreal engine/UE_4.27/FeaturePacks/TP_HandheldARBP.upack' (chunk index -1, root 'root:/') mounted
[2023.06.02-07.37.14:169][  0]LogShaderLibrary: Display: ShaderCodeLibraryPakFileMountedCallback: pending pak file info (ChunkID:-1 Root:root:/ File:C:/Program Files/Epic Games/unreal engine/UE_4.27/FeaturePacks/TP_HandheldARBP.upack)
[2023.06.02-07.37.14:169][  0]LogPakFile: OnPakFileMounted2Time == 0.000042
[2023.06.02-07.37.14:169][  0]LogPakFile: PakFile PrimaryIndexSize=182
[2023.06.02-07.37.14:169][  0]LogPakFile: PakFile PathHashIndexSize=101
[2023.06.02-07.37.14:169][  0]LogPakFile: PakFile FullDirectoryIndexSize=138
[2023.06.02-07.37.14:169][  0]LogShaderLibrary: Display: ShaderCodeLibraryPakFileMountedCallback: PakFile 'C:/Program Files/Epic Games/unreal engine/UE_4.27/FeaturePacks/TP_Puzzle.upack' (chunk index -1, root 'root:/') mounted
[2023.06.02-07.37.14:169][  0]LogShaderLibrary: Display: ShaderCodeLibraryPakFileMountedCallback: pending pak file info (ChunkID:-1 Root:root:/ File:C:/Program Files/Epic Games/unreal engine/UE_4.27/FeaturePacks/TP_Puzzle.upack)
[2023.06.02-07.37.14:169][  0]LogPakFile: OnPakFileMounted2Time == 0.000040
[2023.06.02-07.37.14:170][  0]LogPakFile: PakFile PrimaryIndexSize=184
[2023.06.02-07.37.14:170][  0]LogPakFile: PakFile PathHashIndexSize=101
[2023.06.02-07.37.14:170][  0]LogPakFile: PakFile FullDirectoryIndexSize=142
[2023.06.02-07.37.14:170][  0]LogShaderLibrary: Display: ShaderCodeLibraryPakFileMountedCallback: PakFile 'C:/Program Files/Epic Games/unreal engine/UE_4.27/FeaturePacks/TP_PuzzleBP.upack' (chunk index -1, root 'root:/') mounted
[2023.06.02-07.37.14:170][  0]LogShaderLibrary: Display: ShaderCodeLibraryPakFileMountedCallback: pending pak file info (ChunkID:-1 Root:root:/ File:C:/Program Files/Epic Games/unreal engine/UE_4.27/FeaturePacks/TP_PuzzleBP.upack)
[2023.06.02-07.37.14:170][  0]LogPakFile: OnPakFileMounted2Time == 0.000040
[2023.06.02-07.37.14:171][  0]LogPakFile: PakFile PrimaryIndexSize=183
[2023.06.02-07.37.14:171][  0]LogPakFile: PakFile PathHashIndexSize=101
[2023.06.02-07.37.14:171][  0]LogPakFile: PakFile FullDirectoryIndexSize=140
[2023.06.02-07.37.14:171][  0]LogShaderLibrary: Display: ShaderCodeLibraryPakFileMountedCallback: PakFile 'C:/Program Files/Epic Games/unreal engine/UE_4.27/FeaturePacks/TP_Rolling.upack' (chunk index -1, root 'root:/') mounted
[2023.06.02-07.37.14:171][  0]LogShaderLibrary: Display: ShaderCodeLibraryPakFileMountedCallback: pending pak file info (ChunkID:-1 Root:root:/ File:C:/Program Files/Epic Games/unreal engine/UE_4.27/FeaturePacks/TP_Rolling.upack)
[2023.06.02-07.37.14:171][  0]LogPakFile: OnPakFileMounted2Time == 0.000039
[2023.06.02-07.37.14:172][  0]LogPakFile: PakFile PrimaryIndexSize=185
[2023.06.02-07.37.14:172][  0]LogPakFile: PakFile PathHashIndexSize=101
[2023.06.02-07.37.14:172][  0]LogPakFile: PakFile FullDirectoryIndexSize=144
[2023.06.02-07.37.14:172][  0]LogShaderLibrary: Display: ShaderCodeLibraryPakFileMountedCallback: PakFile 'C:/Program Files/Epic Games/unreal engine/UE_4.27/FeaturePacks/TP_RollingBP.upack' (chunk index -1, root 'root:/') mounted
[2023.06.02-07.37.14:172][  0]LogShaderLibrary: Display: ShaderCodeLibraryPakFileMountedCallback: pending pak file info (ChunkID:-1 Root:root:/ File:C:/Program Files/Epic Games/unreal engine/UE_4.27/FeaturePacks/TP_RollingBP.upack)
[2023.06.02-07.37.14:172][  0]LogPakFile: OnPakFileMounted2Time == 0.000039
[2023.06.02-07.37.14:174][  0]LogPakFile: PakFile PrimaryIndexSize=188
[2023.06.02-07.37.14:174][  0]LogPakFile: PakFile PathHashIndexSize=101
[2023.06.02-07.37.14:174][  0]LogPakFile: PakFile FullDirectoryIndexSize=150
[2023.06.02-07.37.14:174][  0]LogShaderLibrary: Display: ShaderCodeLibraryPakFileMountedCallback: PakFile 'C:/Program Files/Epic Games/unreal engine/UE_4.27/FeaturePacks/TP_SideScroller.upack' (chunk index -1, root 'root:/') mounted
[2023.06.02-07.37.14:174][  0]LogShaderLibrary: Display: ShaderCodeLibraryPakFileMountedCallback: pending pak file info (ChunkID:-1 Root:root:/ File:C:/Program Files/Epic Games/unreal engine/UE_4.27/FeaturePacks/TP_SideScroller.upack)
[2023.06.02-07.37.14:174][  0]LogPakFile: OnPakFileMounted2Time == 0.000039
[2023.06.02-07.37.14:174][  0]LogPakFile: PakFile PrimaryIndexSize=190
[2023.06.02-07.37.14:174][  0]LogPakFile: PakFile PathHashIndexSize=101
[2023.06.02-07.37.14:174][  0]LogPakFile: PakFile FullDirectoryIndexSize=154
[2023.06.02-07.37.14:174][  0]LogShaderLibrary: Display: ShaderCodeLibraryPakFileMountedCallback: PakFile 'C:/Program Files/Epic Games/unreal engine/UE_4.27/FeaturePacks/TP_SideScrollerBP.upack' (chunk index -1, root 'root:/') mounted
[2023.06.02-07.37.14:174][  0]LogShaderLibrary: Display: ShaderCodeLibraryPakFileMountedCallback: pending pak file info (ChunkID:-1 Root:root:/ File:C:/Program Files/Epic Games/unreal engine/UE_4.27/FeaturePacks/TP_SideScrollerBP.upack)
[2023.06.02-07.37.14:174][  0]LogPakFile: OnPakFileMounted2Time == 0.000040
[2023.06.02-07.37.14:175][  0]LogPakFile: PakFile PrimaryIndexSize=187
[2023.06.02-07.37.14:175][  0]LogPakFile: PakFile PathHashIndexSize=101
[2023.06.02-07.37.14:175][  0]LogPakFile: PakFile FullDirectoryIndexSize=148
[2023.06.02-07.37.14:175][  0]LogShaderLibrary: Display: ShaderCodeLibraryPakFileMountedCallback: PakFile 'C:/Program Files/Epic Games/unreal engine/UE_4.27/FeaturePacks/TP_ThirdPerson.upack' (chunk index -1, root 'root:/') mounted
[2023.06.02-07.37.14:175][  0]LogShaderLibrary: Display: ShaderCodeLibraryPakFileMountedCallback: pending pak file info (ChunkID:-1 Root:root:/ File:C:/Program Files/Epic Games/unreal engine/UE_4.27/FeaturePacks/TP_ThirdPerson.upack)
[2023.06.02-07.37.14:175][  0]LogPakFile: OnPakFileMounted2Time == 0.000043
[2023.06.02-07.37.14:176][  0]LogPakFile: PakFile PrimaryIndexSize=189
[2023.06.02-07.37.14:176][  0]LogPakFile: PakFile PathHashIndexSize=101
[2023.06.02-07.37.14:176][  0]LogPakFile: PakFile FullDirectoryIndexSize=152
[2023.06.02-07.37.14:176][  0]LogShaderLibrary: Display: ShaderCodeLibraryPakFileMountedCallback: PakFile 'C:/Program Files/Epic Games/unreal engine/UE_4.27/FeaturePacks/TP_ThirdPersonBP.upack' (chunk index -1, root 'root:/') mounted
[2023.06.02-07.37.14:176][  0]LogShaderLibrary: Display: ShaderCodeLibraryPakFileMountedCallback: pending pak file info (ChunkID:-1 Root:root:/ File:C:/Program Files/Epic Games/unreal engine/UE_4.27/FeaturePacks/TP_ThirdPersonBP.upack)
[2023.06.02-07.37.14:176][  0]LogPakFile: OnPakFileMounted2Time == 0.000065
[2023.06.02-07.37.14:177][  0]LogPakFile: PakFile PrimaryIndexSize=183
[2023.06.02-07.37.14:177][  0]LogPakFile: PakFile PathHashIndexSize=101
[2023.06.02-07.37.14:177][  0]LogPakFile: PakFile FullDirectoryIndexSize=140
[2023.06.02-07.37.14:177][  0]LogShaderLibrary: Display: ShaderCodeLibraryPakFileMountedCallback: PakFile 'C:/Program Files/Epic Games/unreal engine/UE_4.27/FeaturePacks/TP_TopDown.upack' (chunk index -1, root 'root:/') mounted
[2023.06.02-07.37.14:177][  0]LogShaderLibrary: Display: ShaderCodeLibraryPakFileMountedCallback: pending pak file info (ChunkID:-1 Root:root:/ File:C:/Program Files/Epic Games/unreal engine/UE_4.27/FeaturePacks/TP_TopDown.upack)
[2023.06.02-07.37.14:178][  0]LogPakFile: OnPakFileMounted2Time == 0.000051
[2023.06.02-07.37.14:178][  0]LogPakFile: PakFile PrimaryIndexSize=185
[2023.06.02-07.37.14:178][  0]LogPakFile: PakFile PathHashIndexSize=101
[2023.06.02-07.37.14:178][  0]LogPakFile: PakFile FullDirectoryIndexSize=144
[2023.06.02-07.37.14:178][  0]LogShaderLibrary: Display: ShaderCodeLibraryPakFileMountedCallback: PakFile 'C:/Program Files/Epic Games/unreal engine/UE_4.27/FeaturePacks/TP_TopDownBP.upack' (chunk index -1, root 'root:/') mounted
[2023.06.02-07.37.14:178][  0]LogShaderLibrary: Display: ShaderCodeLibraryPakFileMountedCallback: pending pak file info (ChunkID:-1 Root:root:/ File:C:/Program Files/Epic Games/unreal engine/UE_4.27/FeaturePacks/TP_TopDownBP.upack)
[2023.06.02-07.37.14:178][  0]LogPakFile: OnPakFileMounted2Time == 0.000041
[2023.06.02-07.37.14:180][  0]LogPakFile: PakFile PrimaryIndexSize=185
[2023.06.02-07.37.14:180][  0]LogPakFile: PakFile PathHashIndexSize=101
[2023.06.02-07.37.14:180][  0]LogPakFile: PakFile FullDirectoryIndexSize=144
[2023.06.02-07.37.14:180][  0]LogShaderLibrary: Display: ShaderCodeLibraryPakFileMountedCallback: PakFile 'C:/Program Files/Epic Games/unreal engine/UE_4.27/FeaturePacks/TP_TwinStick.upack' (chunk index -1, root 'root:/') mounted
[2023.06.02-07.37.14:180][  0]LogShaderLibrary: Display: ShaderCodeLibraryPakFileMountedCallback: pending pak file info (ChunkID:-1 Root:root:/ File:C:/Program Files/Epic Games/unreal engine/UE_4.27/FeaturePacks/TP_TwinStick.upack)
[2023.06.02-07.37.14:180][  0]LogPakFile: OnPakFileMounted2Time == 0.000039
[2023.06.02-07.37.14:181][  0]LogPakFile: PakFile PrimaryIndexSize=187
[2023.06.02-07.37.14:181][  0]LogPakFile: PakFile PathHashIndexSize=101
[2023.06.02-07.37.14:181][  0]LogPakFile: PakFile FullDirectoryIndexSize=148
[2023.06.02-07.37.14:181][  0]LogShaderLibrary: Display: ShaderCodeLibraryPakFileMountedCallback: PakFile 'C:/Program Files/Epic Games/unreal engine/UE_4.27/FeaturePacks/TP_TwinStickBP.upack' (chunk index -1, root 'root:/') mounted
[2023.06.02-07.37.14:181][  0]LogShaderLibrary: Display: ShaderCodeLibraryPakFileMountedCallback: pending pak file info (ChunkID:-1 Root:root:/ File:C:/Program Files/Epic Games/unreal engine/UE_4.27/FeaturePacks/TP_TwinStickBP.upack)
[2023.06.02-07.37.14:181][  0]LogPakFile: OnPakFileMounted2Time == 0.000045
[2023.06.02-07.37.14:181][  0]LogPakFile: PakFile PrimaryIndexSize=183
[2023.06.02-07.37.14:181][  0]LogPakFile: PakFile PathHashIndexSize=101
[2023.06.02-07.37.14:181][  0]LogPakFile: PakFile FullDirectoryIndexSize=140
[2023.06.02-07.37.14:181][  0]LogShaderLibrary: Display: ShaderCodeLibraryPakFileMountedCallback: PakFile 'C:/Program Files/Epic Games/unreal engine/UE_4.27/FeaturePacks/TP_Vehicle.upack' (chunk index -1, root 'root:/') mounted
[2023.06.02-07.37.14:183][  0]LogShaderLibrary: Display: ShaderCodeLibraryPakFileMountedCallback: pending pak file info (ChunkID:-1 Root:root:/ File:C:/Program Files/Epic Games/unreal engine/UE_4.27/FeaturePacks/TP_Vehicle.upack)
[2023.06.02-07.37.14:183][  0]LogPakFile: OnPakFileMounted2Time == 0.000040
[2023.06.02-07.37.14:183][  0]LogPakFile: PakFile PrimaryIndexSize=186
[2023.06.02-07.37.14:183][  0]LogPakFile: PakFile PathHashIndexSize=101
[2023.06.02-07.37.14:183][  0]LogPakFile: PakFile FullDirectoryIndexSize=146
[2023.06.02-07.37.14:183][  0]LogShaderLibrary: Display: ShaderCodeLibraryPakFileMountedCallback: PakFile 'C:/Program Files/Epic Games/unreal engine/UE_4.27/FeaturePacks/TP_VehicleAdv.upack' (chunk index -1, root 'root:/') mounted
[2023.06.02-07.37.14:183][  0]LogShaderLibrary: Display: ShaderCodeLibraryPakFileMountedCallback: pending pak file info (ChunkID:-1 Root:root:/ File:C:/Program Files/Epic Games/unreal engine/UE_4.27/FeaturePacks/TP_VehicleAdv.upack)
[2023.06.02-07.37.14:184][  0]LogPakFile: OnPakFileMounted2Time == 0.000063
[2023.06.02-07.37.14:184][  0]LogPakFile: PakFile PrimaryIndexSize=188
[2023.06.02-07.37.14:184][  0]LogPakFile: PakFile PathHashIndexSize=101
[2023.06.02-07.37.14:184][  0]LogPakFile: PakFile FullDirectoryIndexSize=150
[2023.06.02-07.37.14:184][  0]LogShaderLibrary: Display: ShaderCodeLibraryPakFileMountedCallback: PakFile 'C:/Program Files/Epic Games/unreal engine/UE_4.27/FeaturePacks/TP_VehicleAdvBP.upack' (chunk index -1, root 'root:/') mounted
[2023.06.02-07.37.14:184][  0]LogShaderLibrary: Display: ShaderCodeLibraryPakFileMountedCallback: pending pak file info (ChunkID:-1 Root:root:/ File:C:/Program Files/Epic Games/unreal engine/UE_4.27/FeaturePacks/TP_VehicleAdvBP.upack)
[2023.06.02-07.37.14:184][  0]LogPakFile: OnPakFileMounted2Time == 0.000040
[2023.06.02-07.37.14:185][  0]LogPakFile: PakFile PrimaryIndexSize=185
[2023.06.02-07.37.14:185][  0]LogPakFile: PakFile PathHashIndexSize=101
[2023.06.02-07.37.14:185][  0]LogPakFile: PakFile FullDirectoryIndexSize=144
[2023.06.02-07.37.14:185][  0]LogShaderLibrary: Display: ShaderCodeLibraryPakFileMountedCallback: PakFile 'C:/Program Files/Epic Games/unreal engine/UE_4.27/FeaturePacks/TP_VehicleBP.upack' (chunk index -1, root 'root:/') mounted
[2023.06.02-07.37.14:185][  0]LogShaderLibrary: Display: ShaderCodeLibraryPakFileMountedCallback: pending pak file info (ChunkID:-1 Root:root:/ File:C:/Program Files/Epic Games/unreal engine/UE_4.27/FeaturePacks/TP_VehicleBP.upack)
[2023.06.02-07.37.14:185][  0]LogPakFile: OnPakFileMounted2Time == 0.000040
[2023.06.02-07.37.14:186][  0]LogPakFile: PakFile PrimaryIndexSize=192
[2023.06.02-07.37.14:186][  0]LogPakFile: PakFile PathHashIndexSize=101
[2023.06.02-07.37.14:187][  0]LogPakFile: PakFile FullDirectoryIndexSize=158
[2023.06.02-07.37.14:187][  0]LogShaderLibrary: Display: ShaderCodeLibraryPakFileMountedCallback: PakFile 'C:/Program Files/Epic Games/unreal engine/UE_4.27/FeaturePacks/TP_VirtualRealityBP.upack' (chunk index -1, root 'root:/') mounted
[2023.06.02-07.37.14:187][  0]LogShaderLibrary: Display: ShaderCodeLibraryPakFileMountedCallback: pending pak file info (ChunkID:-1 Root:root:/ File:C:/Program Files/Epic Games/unreal engine/UE_4.27/FeaturePacks/TP_VirtualRealityBP.upack)
[2023.06.02-07.37.14:187][  0]LogPakFile: OnPakFileMounted2Time == 0.000044
[2023.06.02-07.37.14:311][  0]LogNativeClassHierarchy: Verbose: Native class hierarchy updated for 'AddContentDialog' in 0.0004 seconds. Added 0 classes and 0 folders.
[2023.06.02-07.37.14:314][  0]LogNativeClassHierarchy: Verbose: Native class hierarchy updated for 'SceneOutliner' in 0.0003 seconds. Added 2 classes and 0 folders.
[2023.06.02-07.37.14:601][  0]LogSlate: Took 0.000835 seconds to synchronously load lazily loaded font '../../../Engine/Content/Slate/Fonts/Roboto-Regular.ttf' (155K)
[2023.06.02-07.37.14:603][  0]LogSlate: Took 0.000408 seconds to synchronously load lazily loaded font '../../../Engine/Content/Editor/Slate/Fonts/FontAwesome.ttf' (139K)
[2023.06.02-07.37.14:605][  0]LogSlate: Took 0.000452 seconds to synchronously load lazily loaded font '../../../Engine/Content/Slate/Fonts/Roboto-Bold.ttf' (160K)
[2023.06.02-07.37.14:732][  0]LogRenderer: Reallocating scene render targets to support 1072x500 Format 10 NumSamples 1 (Frame:1).
[2023.06.02-07.37.15:096][  0]LogD3D12RHI: Creating RTPSO with 133 shaders (0 cached, 133 new) took 319.28 ms. Compile time 299.97 ms, link time 19.04 ms.
[2023.06.02-07.37.15:256][  0]LogD3D12RHI: Creating RT View Heap with 250000 entries
[2023.06.02-07.37.15:274][  0]LogD3D12RHI: Creating RT Sampler Heap with 2048 entries
[2023.06.02-07.37.15:322][  0]LogD3D12RHI: Creating RTPSO with 8 shaders (0 cached, 8 new) took 47.04 ms. Compile time 42.87 ms, link time 4.13 ms.
[2023.06.02-07.37.15:322][  0]LogD3D12RHI: Creating RT View Heap with 250000 entries
[2023.06.02-07.37.15:341][  0]LogD3D12RHI: Creating RT Sampler Heap with 2048 entries
[2023.06.02-07.37.15:470][  0]LogD3D12RHI: Creating RTPSO with 3 shaders (2 cached, 1 new) took 127.98 ms. Compile time 1.48 ms, link time 126.46 ms.
[2023.06.02-07.37.15:470][  0]LogD3D12RHI: Creating RT View Heap with 250000 entries
[2023.06.02-07.37.15:486][  0]LogD3D12RHI: Creating RT Sampler Heap with 2048 entries
[2023.06.02-07.37.16:069][  0]LogNativeClassHierarchy: Verbose: Native class hierarchy updated for 'HierarchicalLODOutliner' in 0.0004 seconds. Added 0 classes and 0 folders.
[2023.06.02-07.37.16:069][  0]LogInput: Warning: Action Jump uses invalid key OculusGo_Left_Trigger_Click.
[2023.06.02-07.37.16:069][  0]LogInput: Warning: Action ResetVR uses invalid key OculusGo_Left_Trackpad_Click.
[2023.06.02-07.37.16:069][  0]LogInput: Warning: Use -RemoveInvalidKeys to remove instances of these keys from the action mapping.
[2023.06.02-07.37.16:069][  0]LogLoad: (Engine Initialization) Total time: 12.62 seconds
[2023.06.02-07.37.16:069][  0]LogLoad: (Engine Initialization) Total Blueprint compile time: 0.00 seconds
[2023.06.02-07.37.16:084][  0]LogUObjectGlobals: Warning: Failed to find object 'StaticMesh /Engine/BasicShapes/Cube.Cube'
[2023.06.02-07.37.16:122][  0]LogAssetRegistry: Asset discovery search completed in 7.8911 seconds
[2023.06.02-07.37.16:132][  0]LogCollectionManager: Fixed up redirectors for 0 collections in 0.000006 seconds (updated 0 objects)
[2023.06.02-07.37.16:134][  0]LogContentStreaming: Texture pool size now 1000 MB
[2023.06.02-07.37.16:211][  3]LogD3D12RHI: Creating RT View Heap with 250000 entries
[2023.06.02-07.37.16:226][  3]LogD3D12RHI: Creating RT Sampler Heap with 2048 entries
[2023.06.02-07.37.16:228][  3]LogD3D12RHI: Creating RT View Heap with 250000 entries
[2023.06.02-07.37.16:243][  3]LogD3D12RHI: Creating RT Sampler Heap with 2048 entries
[2023.06.02-07.37.16:324][  5]LogD3D12RHI: Creating RT View Heap with 250000 entries
[2023.06.02-07.37.16:356][  5]LogD3D12RHI: Creating RT Sampler Heap with 2048 entries
[2023.06.02-07.37.17:126][ 66]LogSlate: Took 0.000441 seconds to synchronously load lazily loaded font '../../../Engine/Content/Slate/Fonts/Roboto-Light.ttf' (167K)
[2023.06.02-07.48.40:257][801]LogUObjectHash: Compacting FUObjectHashTables data took   0.92ms
[2023.06.02-07.48.40:274][801]LogSavePackage: Moving '../../../../../../../Users/afk05/school/unity projects/ProjectVrij-Git/Vrij2_BlockOut/Saved/ThirdPersonExampleMapF1A48DA74018B711B13427923883BE7A.tmp' to '../../../../../../../Users/afk05/school/unity projects/ProjectVrij-Git/Vrij2_BlockOut/Content/ThirdPersonBP/Maps/ThirdPersonExampleMap.umap'
[2023.06.02-07.48.40:366][801]LogSavePackage: Moving '../../../../../../../Users/afk05/school/unity projects/ProjectVrij-Git/Vrij2_BlockOut/Saved/ThirdPersonExampleMap_BuiltData5DDD949E44F553A4CDD49F90849225BA.tmp' to '../../../../../../../Users/afk05/school/unity projects/ProjectVrij-Git/Vrij2_BlockOut/Content/ThirdPersonBP/Maps/ThirdPersonExampleMap_BuiltData.uasset'
[2023.06.02-07.48.40:379][801]AssetCheck: New page: Asset Save: multiple assets
[2023.06.02-07.48.40:379][801]LogContentValidation: Display: Validating MapBuildDataRegistry /Game/ThirdPersonBP/Maps/ThirdPersonExampleMap_BuiltData.ThirdPersonExampleMap_BuiltData
[2023.06.02-07.48.40:379][801]LogContentValidation: Display: Validating World /Game/ThirdPersonBP/Maps/ThirdPersonExampleMap.ThirdPersonExampleMap
